#
# There is insufficient memory for the Java Runtime Environment to continue.
# Native memory allocation (malloc) failed to allocate 1048576 bytes for AllocateHeap
# Possible reasons:
#   The system is out of physical RAM or swap space
#   The process is running with CompressedOops enabled, and the Java Heap may be blocking the growth of the native heap
# Possible solutions:
#   Reduce memory load on the system
#   Increase physical memory or swap space
#   Check if swap backing store is full
#   Decrease Java heap size (-Xmx/-Xms)
#   Decrease number of Java threads
#   Decrease Java thread stack sizes (-Xss)
#   Set larger code cache with -XX:ReservedCodeCacheSize=
#   JVM is running with Unscaled Compressed Oops mode in which the Java heap is
#     placed in the first 4GB address space. The Java Heap base address is the
#     maximum limit for the native heap growth. Please use -XX:HeapBaseMinAddress
#     to set the Java Heap base and to place the Java Heap above 4GB virtual address.
# This output file may be truncated or incomplete.
#
#  Out of Memory Error (memory/allocation.inline.hpp:61), pid=7324, tid=0x0000000000002d2c
#
# JRE version:  (8.0) (build )
# Java VM: OpenJDK 64-Bit Server VM (25.71-b00 mixed mode windows-amd64 compressed oops)
# Failed to write core dump. Minidumps are not enabled by default on client versions of Windows
#

---------------  T H R E A D  ---------------

Current thread (0x000000000125e000):  JavaThread "Unknown thread" [_thread_in_vm, id=11564, stack(0x0000000002e00000,0x0000000002f00000)]

Stack: [0x0000000002e00000,0x0000000002f00000]
[error occurred during error reporting (printing stack bounds), id 0xc0000005]

Native frames: (J=compiled Java code, j=interpreted, Vv=VM code, C=native code)


---------------  P R O C E S S  ---------------

Java Threads: ( => current thread )

Other Threads:

=>0x000000000125e000 (exited) JavaThread "Unknown thread" [_thread_in_vm, id=11564, stack(0x0000000002e00000,0x0000000002f00000)]

VM state:not at safepoint (normal execution)

VM Mutex/Monitor currently owned by a thread: None

heap address: 0x0000000081c00000, size: 2020 MB, Compressed Oops mode: 32-bit
Narrow klass base: 0x0000000000000000, Narrow klass shift: 3
Compressed class space size: 1073741824 Address: 0x0000000100000000

Heap:
 PSYoungGen      total 2048K, used 30K [0x00000000d5f00000, 0x00000000d6180000, 0x0000000100000000)
  eden space 1536K, 2% used [0x00000000d5f00000,0x00000000d5f07af0,0x00000000d6080000)
  from space 512K, 0% used [0x00000000d6100000,0x00000000d6100000,0x00000000d6180000)
  to   space 512K, 0% used [0x00000000d6080000,0x00000000d6080000,0x00000000d6100000)
 ParOldGen       total 5632K, used 0K [0x0000000081c00000, 0x0000000082180000, 0x00000000d5f00000)
  object space 5632K, 0% used [0x0000000081c00000,0x0000000081c00000,0x0000000082180000)
 Metaspace       used 777K, capacity 4480K, committed 4480K, reserved 1056768K
  class space    used 74K, capacity 384K, committed 384K, reserved 1048576K

Card table byte_map: [0x00000000123c0000,0x00000000127c0000] byte_map_base: 0x0000000011fb2000

Marking Bits: (ParMarkBitMap*) 0x0000000071ee8f30
 Begin Bits: [0x0000000012c70000, 0x0000000014c00000)
 End Bits:   [0x0000000014c00000, 0x0000000016b90000)

Polling page: 0x0000000000dd0000

CodeCache: size=245760Kb used=327Kb max_used=327Kb free=245432Kb
 bounds [0x0000000003000000, 0x0000000003270000, 0x0000000012000000]
 total_blobs=56 nmethods=0 adapters=38
 compilation: enabled

Compilation events (0 events):
No events

GC Heap History (0 events):
No events

Deoptimization events (0 events):
No events

Classes redefined (0 events):
No events

Internal exceptions (0 events):
No events

Events (10 events):
Event: 0.065 loading class java/lang/Short
Event: 0.065 loading class java/lang/Short done
Event: 0.065 loading class java/lang/Integer
Event: 0.066 loading class java/lang/Integer done
Event: 0.066 loading class java/lang/Long
Event: 0.066 loading class java/lang/Long done
Event: 0.067 loading class java/lang/NullPointerException
Event: 0.068 loading class java/lang/NullPointerException done
Event: 0.068 loading class java/lang/ArithmeticException
Event: 0.068 loading class java/lang/ArithmeticException done


Dynamic libraries:
0x00007ff743f00000 - 0x00007ff743f07000 	C:\Program Files\Android\Jdk\microsoft_dist_openjdk_1.8.0.25\bin\javac.exe
0x00007ffe9fc40000 - 0x00007ffe9fe30000 	C:\WINDOWS\SYSTEM32\ntdll.dll
0x00007ffe9fae0000 - 0x00007ffe9fb92000 	C:\WINDOWS\System32\KERNEL32.DLL
0x00007ffe9d570000 - 0x00007ffe9d813000 	C:\WINDOWS\System32\KERNELBASE.dll
0x0000000073760000 - 0x0000000073831000 	C:\Program Files\Android\Jdk\microsoft_dist_openjdk_1.8.0.25\bin\MSVCR100.dll
0x00007ffe84e70000 - 0x00007ffe84e9f000 	C:\Program Files\Android\Jdk\microsoft_dist_openjdk_1.8.0.25\bin\jli.dll
0x00007ffe9de00000 - 0x00007ffe9dea3000 	C:\WINDOWS\System32\ADVAPI32.dll
0x00007ffe9f5f0000 - 0x00007ffe9f68e000 	C:\WINDOWS\System32\msvcrt.dll
0x00007ffe9f990000 - 0x00007ffe9fa27000 	C:\WINDOWS\System32\sechost.dll
0x00007ffe9ead0000 - 0x00007ffe9ebf0000 	C:\WINDOWS\System32\RPCRT4.dll
0x00007ffe9e930000 - 0x00007ffe9eac4000 	C:\WINDOWS\System32\USER32.dll
0x00007ffe9d8c0000 - 0x00007ffe9d8e1000 	C:\WINDOWS\System32\win32u.dll
0x00007ffe89e40000 - 0x00007ffe8a0c5000 	C:\WINDOWS\WinSxS\amd64_microsoft.windows.common-controls_6595b64144ccf1df_6.0.18362.778_none_e6c6b761130d4fb8\COMCTL32.dll
0x00007ffe9ddd0000 - 0x00007ffe9ddf6000 	C:\WINDOWS\System32\GDI32.dll
0x00007ffe9ecd0000 - 0x00007ffe9f006000 	C:\WINDOWS\System32\combase.dll
0x00007ffe9d370000 - 0x00007ffe9d504000 	C:\WINDOWS\System32\gdi32full.dll
0x00007ffe9dbf0000 - 0x00007ffe9dcea000 	C:\WINDOWS\System32\ucrtbase.dll
0x00007ffe9d820000 - 0x00007ffe9d8be000 	C:\WINDOWS\System32\msvcp_win.dll
0x00007ffe9db70000 - 0x00007ffe9dbf0000 	C:\WINDOWS\System32\bcryptPrimitives.dll
0x00007ffe9dcf0000 - 0x00007ffe9dd1e000 	C:\WINDOWS\System32\IMM32.DLL
0x0000000071f70000 - 0x0000000072041000 	C:\Program Files\Android\Jdk\microsoft_dist_openjdk_1.8.0.25\jre\bin\msvcr100.dll
0x0000000071720000 - 0x0000000071f65000 	C:\Program Files\Android\Jdk\microsoft_dist_openjdk_1.8.0.25\jre\bin\server\jvm.dll
0x00007ffe9f690000 - 0x00007ffe9f698000 	C:\WINDOWS\System32\PSAPI.DLL
0x00007ffe9a940000 - 0x00007ffe9a964000 	C:\WINDOWS\SYSTEM32\WINMM.dll
0x00007ffe91160000 - 0x00007ffe9116a000 	C:\WINDOWS\SYSTEM32\VERSION.dll
0x00007ffe9a910000 - 0x00007ffe9a93d000 	C:\WINDOWS\SYSTEM32\WINMMBASE.dll
0x00007ffe9db20000 - 0x00007ffe9db6a000 	C:\WINDOWS\System32\cfgmgr32.dll
0x00007ffe8b960000 - 0x00007ffe8b969000 	C:\WINDOWS\SYSTEM32\WSOCK32.dll
0x00007ffe9f850000 - 0x00007ffe9f8bf000 	C:\WINDOWS\System32\ws2_32.DLL
0x00007ffe8ea80000 - 0x00007ffe8ea8f000 	C:\Program Files\Android\Jdk\microsoft_dist_openjdk_1.8.0.25\jre\bin\verify.dll
0x00007ffe84b20000 - 0x00007ffe84b49000 	C:\Program Files\Android\Jdk\microsoft_dist_openjdk_1.8.0.25\jre\bin\java.dll
0x00007ffe89b10000 - 0x00007ffe89b26000 	C:\Program Files\Android\Jdk\microsoft_dist_openjdk_1.8.0.25\jre\bin\zip.dll

VM Arguments:
jvm_args: -Dapplication.home=C:\Program Files\Android\Jdk\microsoft_dist_openjdk_1.8.0.25 -Xms8m 
java_command: com.sun.tools.javac.Main -version
java_class_path (initial): C:\Program Files\Android\Jdk\microsoft_dist_openjdk_1.8.0.25/lib/tools.jar;C:\Program Files\Android\Jdk\microsoft_dist_openjdk_1.8.0.25/classes
Launcher Type: SUN_STANDARD

Environment Variables:
JAVA_HOME=C:\Program Files\Android\Jdk\microsoft_dist_openjdk_1.8.0.25
PATH=C:\Program Files\Android\Jdk\microsoft_dist_openjdk_1.8.0.25\bin;C:\Program Files (x86)\Common Files\Oracle\Java\javapath;C:\Program Files (x86)\Intel\TXE Components\TCS\;C:\Program Files\Intel\TXE Components\TCS\;C:\WINDOWS\system32;C:\WINDOWS;C:\WINDOWS\System32\Wbem;C:\WINDOWS\System32\WindowsPowerShell\v1.0\;C:\Program Files (x86)\Skype\Phone\;C:\WINDOWS\System32\OpenSSH\;C:\Program Files (x86)\Brackets\command;C:\Program Files\Azure Data Studio\bin;C:\Program Files (x86)\Microsoft SQL Server\Client SDK\ODBC\130\Tools\Binn\;C:\Program Files (x86)\Microsoft SQL Server\140\Tools\Binn\;C:\Program Files (x86)\Microsoft SQL Server\140\DTS\Binn\;C:\Program Files (x86)\Microsoft SQL Server\140\Tools\Binn\ManagementStudio\;C:\Program Files\dotnet\;C:\Program Files\Microsoft SQL Server\130\Tools\Binn\;C:\Program Files\Microsoft SQL Server\Client SDK\ODBC\170\Tools\Binn\;C:\Program Files\Git\cmd;C:\Users\ik\AppData\Local\Microsoft\WindowsApps;;C:\Program Files\Azure Data Studio\bin;C:\Users\ik\.dotnet\tools;%USERPROFILE%\AppData\Local\Microsoft\WindowsApps
USERNAME=ik
OS=Windows_NT
PROCESSOR_IDENTIFIER=Intel64 Family 6 Model 55 Stepping 8, GenuineIntel



---------------  S Y S T E M  ---------------

OS: Windows 10.0 , 64 bit Build 18362 (10.0.18362.778)

CPU:total 2 (initial active 2) (2 cores per cpu, 1 threads per core) family 6 model 55 stepping 8, cmov, cx8, fxsr, mmx, sse, sse2, sse3, ssse3, sse4.1, sse4.2, popcnt, clmul, erms, 3dnowpref, tsc, tscinvbit

Memory: 4k page, physical 8272776k(1761488k free), swap 11856776k(5476k free)

vm_info: OpenJDK 64-Bit Server VM (25.71-b00) for windows-amd64 JRE (1.8.0-25-microsoft-b00), built on Feb  7 2019 20:09:14 by "builder" with MS VC++ 10.0 (VS2010)

time: Tue Apr 28 00:06:45 2020
timezone: Pacific Daylight Time
elapsed time: 0 seconds (0d 0h 0m 0s)

