#
# There is insufficient memory for the Java Runtime Environment to continue.
# Native memory allocation (malloc) failed to allocate 2413376 bytes for Chunk::new
# Possible reasons:
#   The system is out of physical RAM or swap space
#   The process is running with CompressedOops enabled, and the Java Heap may be blocking the growth of the native heap
# Possible solutions:
#   Reduce memory load on the system
#   Increase physical memory or swap space
#   Check if swap backing store is full
#   Decrease Java heap size (-Xmx/-Xms)
#   Decrease number of Java threads
#   Decrease Java thread stack sizes (-Xss)
#   Set larger code cache with -XX:ReservedCodeCacheSize=
#   JVM is running with Unscaled Compressed Oops mode in which the Java heap is
#     placed in the first 4GB address space. The Java Heap base address is the
#     maximum limit for the native heap growth. Please use -XX:HeapBaseMinAddress
#     to set the Java Heap base and to place the Java Heap above 4GB virtual address.
# This output file may be truncated or incomplete.
#
#  Out of Memory Error (allocation.cpp:389), pid=14868, tid=0x00000000000029d4
#
# JRE version: OpenJDK Runtime Environment (8.0) (build 1.8.0-25-microsoft-b00)
# Java VM: OpenJDK 64-Bit Server VM (25.71-b00 mixed mode windows-amd64 compressed oops)
# Failed to write core dump. Minidumps are not enabled by default on client versions of Windows
#

---------------  T H R E A D  ---------------

Current thread (0x00000000150fd800):  JavaThread "C2 CompilerThread0" daemon [_thread_in_native, id=10708, stack(0x0000000016140000,0x0000000016240000)]

Stack: [0x0000000016140000,0x0000000016240000]
[error occurred during error reporting (printing stack bounds), id 0xc0000005]

Native frames: (J=compiled Java code, j=interpreted, Vv=VM code, C=native code)


Current CompileTask:
C2:  30080 4020 %     4       com.android.tools.r8.ir.regalloc.LinearScanRegisterAllocator::a @ 2072 (3743 bytes)


---------------  P R O C E S S  ---------------

Java Threads: ( => current thread )
  0x0000000016991800 JavaThread "ForkJoinPool-1-worker-0" daemon [_thread_in_Java, id=16344, stack(0x0000000017240000,0x0000000017340000)]
  0x0000000016991000 JavaThread "ForkJoinPool-1-worker-1" daemon [_thread_in_Java, id=15988, stack(0x0000000017140000,0x0000000017240000)]
  0x0000000015177800 JavaThread "Service Thread" daemon [_thread_blocked, id=17088, stack(0x0000000016340000,0x0000000016440000)]
  0x0000000015103000 JavaThread "C1 CompilerThread1" daemon [_thread_blocked, id=16452, stack(0x0000000016240000,0x0000000016340000)]
=>0x00000000150fd800 JavaThread "C2 CompilerThread0" daemon [_thread_in_native, id=10708, stack(0x0000000016140000,0x0000000016240000)]
  0x00000000150fc000 JavaThread "Attach Listener" daemon [_thread_blocked, id=5180, stack(0x0000000016040000,0x0000000016140000)]
  0x00000000150f9000 JavaThread "Signal Dispatcher" daemon [_thread_blocked, id=11044, stack(0x0000000015f40000,0x0000000016040000)]
  0x0000000002c62800 JavaThread "Finalizer" daemon [_thread_blocked, id=11112, stack(0x0000000015d40000,0x0000000015e40000)]
  0x00000000150e7000 JavaThread "Reference Handler" daemon [_thread_blocked, id=3756, stack(0x0000000015c40000,0x0000000015d40000)]
  0x0000000002b72800 JavaThread "main" [_thread_blocked, id=15740, stack(0x0000000002a60000,0x0000000002b60000)]

Other Threads:
  0x00000000150c5800 VMThread [stack: 0x0000000015b40000,0x0000000015c40000] [id=19980]
  0x000000001516f800 WatcherThread [stack: 0x0000000016440000,0x0000000016540000] [id=12772]

VM state:not at safepoint (normal execution)

VM Mutex/Monitor currently owned by a thread: None

heap address: 0x00000000c0000000, size: 1024 MB, Compressed Oops mode: 32-bit
Narrow klass base: 0x0000000000000000, Narrow klass shift: 3
Compressed class space size: 1073741824 Address: 0x0000000100000000

Heap:
 PSYoungGen      total 288768K, used 162720K [0x00000000eab00000, 0x00000000fdb00000, 0x0000000100000000)
  eden space 266240K, 56% used [0x00000000eab00000,0x00000000f3dd2528,0x00000000faf00000)
  from space 22528K, 54% used [0x00000000faf00000,0x00000000fbb15af8,0x00000000fc500000)
  to   space 21504K, 0% used [0x00000000fc600000,0x00000000fc600000,0x00000000fdb00000)
 ParOldGen       total 87552K, used 55623K [0x00000000c0000000, 0x00000000c5580000, 0x00000000eab00000)
  object space 87552K, 63% used [0x00000000c0000000,0x00000000c3651e00,0x00000000c5580000)
 Metaspace       used 14905K, capacity 15578K, committed 15872K, reserved 1062912K
  class space    used 1762K, capacity 1931K, committed 2048K, reserved 1048576K

Card table byte_map: [0x0000000012030000,0x0000000012240000] byte_map_base: 0x0000000011a30000

Marking Bits: (ParMarkBitMap*) 0x0000000071ee8f30
 Begin Bits: [0x00000000125a0000, 0x00000000135a0000)
 End Bits:   [0x00000000135a0000, 0x00000000145a0000)

Polling page: 0x0000000000e00000

CodeCache: size=245760Kb used=13496Kb max_used=14626Kb free=232263Kb
 bounds [0x0000000002c70000, 0x0000000003ac0000, 0x0000000011c70000]
 total_blobs=4027 nmethods=3684 adapters=256
 compilation: enabled

Compilation events (10 events):
Event: 29.703 Thread 0x0000000015103000 4171       2       com.android.tools.r8.ir.code.N::a (367 bytes)
Event: 29.707 Thread 0x0000000015103000 nmethod 4171 0x000000000316cf10 code [0x000000000316d260, 0x000000000316e078]
Event: 29.746 Thread 0x0000000015103000 4172       2       com.android.tools.r8.n.a.a.a.g.q::iterator (5 bytes)
Event: 29.746 Thread 0x0000000015103000 nmethod 4172 0x000000000312e310 code [0x000000000312e480, 0x000000000312e608]
Event: 29.747 Thread 0x0000000015103000 4173       2       com.android.tools.r8.n.a.a.a.g.E0::listIterator (15 bytes)
Event: 29.747 Thread 0x0000000015103000 nmethod 4173 0x0000000003108950 code [0x0000000003108ac0, 0x0000000003108ce8]
Event: 29.862 Thread 0x0000000015103000 4175       2       com.android.tools.r8.ir.code.L::H (2 bytes)
Event: 29.862 Thread 0x0000000015103000 nmethod 4175 0x0000000002e54f50 code [0x0000000002e550a0, 0x0000000002e551f0]
Event: 29.906 Thread 0x0000000015103000 4176       2       com.android.tools.r8.ir.code.L::a (103 bytes)
Event: 29.908 Thread 0x0000000015103000 nmethod 4176 0x0000000002dc2610 code [0x0000000002dc27c0, 0x0000000002dc2c08]

GC Heap History (10 events):
Event: 6.944 GC heap before
{Heap before GC invocations=5 (full 0):
 PSYoungGen      total 71680K, used 71678K [0x00000000eab00000, 0x00000000ef600000, 0x0000000100000000)
  eden space 66560K, 100% used [0x00000000eab00000,0x00000000eec00000,0x00000000eec00000)
  from space 5120K, 99% used [0x00000000ef100000,0x00000000ef5ffb18,0x00000000ef600000)
  to   space 5120K, 0% used [0x00000000eec00000,0x00000000eec00000,0x00000000ef100000)
 ParOldGen       total 87552K, used 32803K [0x00000000c0000000, 0x00000000c5580000, 0x00000000eab00000)
  object space 87552K, 37% used [0x00000000c0000000,0x00000000c2008f30,0x00000000c5580000)
 Metaspace       used 11891K, capacity 12412K, committed 12672K, reserved 1060864K
  class space    used 1491K, capacity 1632K, committed 1664K, reserved 1048576K
Event: 7.232 GC heap after
Heap after GC invocations=5 (full 0):
 PSYoungGen      total 71680K, used 5096K [0x00000000eab00000, 0x00000000f5c00000, 0x0000000100000000)
  eden space 66560K, 0% used [0x00000000eab00000,0x00000000eab00000,0x00000000eec00000)
  from space 5120K, 99% used [0x00000000eec00000,0x00000000ef0fa040,0x00000000ef100000)
  to   space 24064K, 0% used [0x00000000f4480000,0x00000000f4480000,0x00000000f5c00000)
 ParOldGen       total 87552K, used 48334K [0x00000000c0000000, 0x00000000c5580000, 0x00000000eab00000)
  object space 87552K, 55% used [0x00000000c0000000,0x00000000c2f33858,0x00000000c5580000)
 Metaspace       used 11891K, capacity 12412K, committed 12672K, reserved 1060864K
  class space    used 1491K, capacity 1632K, committed 1664K, reserved 1048576K
}
Event: 12.678 GC heap before
{Heap before GC invocations=6 (full 0):
 PSYoungGen      total 71680K, used 71656K [0x00000000eab00000, 0x00000000f5c00000, 0x0000000100000000)
  eden space 66560K, 100% used [0x00000000eab00000,0x00000000eec00000,0x00000000eec00000)
  from space 5120K, 99% used [0x00000000eec00000,0x00000000ef0fa040,0x00000000ef100000)
  to   space 24064K, 0% used [0x00000000f4480000,0x00000000f4480000,0x00000000f5c00000)
 ParOldGen       total 87552K, used 48334K [0x00000000c0000000, 0x00000000c5580000, 0x00000000eab00000)
  object space 87552K, 55% used [0x00000000c0000000,0x00000000c2f33858,0x00000000c5580000)
 Metaspace       used 14384K, capacity 14992K, committed 15232K, reserved 1062912K
  class space    used 1713K, capacity 1856K, committed 1920K, reserved 1048576K
Event: 12.760 GC heap after
Heap after GC invocations=6 (full 0):
 PSYoungGen      total 157184K, used 8113K [0x00000000eab00000, 0x00000000f5c00000, 0x0000000100000000)
  eden space 133120K, 0% used [0x00000000eab00000,0x00000000eab00000,0x00000000f2d00000)
  from space 24064K, 33% used [0x00000000f4480000,0x00000000f4c6c670,0x00000000f5c00000)
  to   space 24064K, 0% used [0x00000000f2d00000,0x00000000f2d00000,0x00000000f4480000)
 ParOldGen       total 87552K, used 48334K [0x00000000c0000000, 0x00000000c5580000, 0x00000000eab00000)
  object space 87552K, 55% used [0x00000000c0000000,0x00000000c2f33858,0x00000000c5580000)
 Metaspace       used 14384K, capacity 14992K, committed 15232K, reserved 1062912K
  class space    used 1713K, capacity 1856K, committed 1920K, reserved 1048576K
}
Event: 16.855 GC heap before
{Heap before GC invocations=7 (full 0):
 PSYoungGen      total 157184K, used 141233K [0x00000000eab00000, 0x00000000f5c00000, 0x0000000100000000)
  eden space 133120K, 100% used [0x00000000eab00000,0x00000000f2d00000,0x00000000f2d00000)
  from space 24064K, 33% used [0x00000000f4480000,0x00000000f4c6c670,0x00000000f5c00000)
  to   space 24064K, 0% used [0x00000000f2d00000,0x00000000f2d00000,0x00000000f4480000)
 ParOldGen       total 87552K, used 48334K [0x00000000c0000000, 0x00000000c5580000, 0x00000000eab00000)
  object space 87552K, 55% used [0x00000000c0000000,0x00000000c2f33858,0x00000000c5580000)
 Metaspace       used 14666K, capacity 15246K, committed 15488K, reserved 1062912K
  class space    used 1740K, capacity 1893K, committed 1920K, reserved 1048576K
Event: 16.945 GC heap after
Heap after GC invocations=7 (full 0):
 PSYoungGen      total 157184K, used 9400K [0x00000000eab00000, 0x00000000fdd00000, 0x0000000100000000)
  eden space 133120K, 0% used [0x00000000eab00000,0x00000000eab00000,0x00000000f2d00000)
  from space 24064K, 39% used [0x00000000f2d00000,0x00000000f362e2c8,0x00000000f4480000)
  to   space 23552K, 0% used [0x00000000fc600000,0x00000000fc600000,0x00000000fdd00000)
 ParOldGen       total 87552K, used 50134K [0x00000000c0000000, 0x00000000c5580000, 0x00000000eab00000)
  object space 87552K, 57% used [0x00000000c0000000,0x00000000c30f5898,0x00000000c5580000)
 Metaspace       used 14666K, capacity 15246K, committed 15488K, reserved 1062912K
  class space    used 1740K, capacity 1893K, committed 1920K, reserved 1048576K
}
Event: 20.136 GC heap before
{Heap before GC invocations=8 (full 0):
 PSYoungGen      total 157184K, used 142520K [0x00000000eab00000, 0x00000000fdd00000, 0x0000000100000000)
  eden space 133120K, 100% used [0x00000000eab00000,0x00000000f2d00000,0x00000000f2d00000)
  from space 24064K, 39% used [0x00000000f2d00000,0x00000000f362e2c8,0x00000000f4480000)
  to   space 23552K, 0% used [0x00000000fc600000,0x00000000fc600000,0x00000000fdd00000)
 ParOldGen       total 87552K, used 50134K [0x00000000c0000000, 0x00000000c5580000, 0x00000000eab00000)
  object space 87552K, 57% used [0x00000000c0000000,0x00000000c30f5898,0x00000000c5580000)
 Metaspace       used 14747K, capacity 15410K, committed 15488K, reserved 1062912K
  class space    used 1744K, capacity 1899K, committed 1920K, reserved 1048576K
Event: 20.223 GC heap after
Heap after GC invocations=8 (full 0):
 PSYoungGen      total 287744K, used 11323K [0x00000000eab00000, 0x00000000fdb00000, 0x0000000100000000)
  eden space 266240K, 0% used [0x00000000eab00000,0x00000000eab00000,0x00000000faf00000)
  from space 21504K, 52% used [0x00000000fc600000,0x00000000fd10edc0,0x00000000fdb00000)
  to   space 22528K, 0% used [0x00000000faf00000,0x00000000faf00000,0x00000000fc500000)
 ParOldGen       total 87552K, used 51550K [0x00000000c0000000, 0x00000000c5580000, 0x00000000eab00000)
  object space 87552K, 58% used [0x00000000c0000000,0x00000000c32579a0,0x00000000c5580000)
 Metaspace       used 14747K, capacity 15410K, committed 15488K, reserved 1062912K
  class space    used 1744K, capacity 1899K, committed 1920K, reserved 1048576K
}
Event: 26.913 GC heap before
{Heap before GC invocations=9 (full 0):
 PSYoungGen      total 287744K, used 277563K [0x00000000eab00000, 0x00000000fdb00000, 0x0000000100000000)
  eden space 266240K, 100% used [0x00000000eab00000,0x00000000faf00000,0x00000000faf00000)
  from space 21504K, 52% used [0x00000000fc600000,0x00000000fd10edc0,0x00000000fdb00000)
  to   space 22528K, 0% used [0x00000000faf00000,0x00000000faf00000,0x00000000fc500000)
 ParOldGen       total 87552K, used 51550K [0x00000000c0000000, 0x00000000c5580000, 0x00000000eab00000)
  object space 87552K, 58% used [0x00000000c0000000,0x00000000c32579a0,0x00000000c5580000)
 Metaspace       used 14885K, capacity 15578K, committed 15872K, reserved 1062912K
  class space    used 1762K, capacity 1931K, committed 2048K, reserved 1048576K
Event: 27.085 GC heap after
Heap after GC invocations=9 (full 0):
 PSYoungGen      total 288768K, used 12374K [0x00000000eab00000, 0x00000000fdb00000, 0x0000000100000000)
  eden space 266240K, 0% used [0x00000000eab00000,0x00000000eab00000,0x00000000faf00000)
  from space 22528K, 54% used [0x00000000faf00000,0x00000000fbb15af8,0x00000000fc500000)
  to   space 21504K, 0% used [0x00000000fc600000,0x00000000fc600000,0x00000000fdb00000)
 ParOldGen       total 87552K, used 55623K [0x00000000c0000000, 0x00000000c5580000, 0x00000000eab00000)
  object space 87552K, 63% used [0x00000000c0000000,0x00000000c3651e00,0x00000000c5580000)
 Metaspace       used 14885K, capacity 15578K, committed 15872K, reserved 1062912K
  class space    used 1762K, capacity 1931K, committed 2048K, reserved 1048576K
}

Deoptimization events (10 events):
Event: 15.386 Thread 0x0000000016991800 Uncommon trap: reason=unstable_if action=reinterpret pc=0x0000000003804414 method=com.android.tools.r8.ir.conversion.U.a(Lcom/android/tools/r8/ir/conversion/T;)Z @ 211
Event: 15.507 Thread 0x0000000016991000 Uncommon trap: reason=unstable_if action=reinterpret pc=0x000000000391456c method=com.android.tools.r8.n.a.a.a.g.B0.a(ILjava/lang/Object;)Ljava/lang/Object; @ 95
Event: 17.364 Thread 0x0000000016991800 Uncommon trap: reason=unstable_if action=reinterpret pc=0x0000000003698728 method=com.android.tools.r8.ir.regalloc.LinearScanRegisterAllocator.a(Lcom/android/tools/r8/ir/code/Instruction;Lcom/android/tools/r8/ir/regalloc/LinearScanRegisterAllocator$b;)Z @
Event: 17.843 Thread 0x0000000016991800 Uncommon trap: reason=unstable_if action=reinterpret pc=0x000000000396b1a4 method=com.android.tools.r8.ir.conversion.V.b(Lcom/android/tools/r8/t/a/a/B;)Z @ 11
Event: 18.717 Thread 0x0000000016991800 Uncommon trap: reason=unstable_if action=reinterpret pc=0x00000000032d1ba4 method=com.android.tools.r8.graph.y.a(ILjava/lang/String;Ljava/lang/String;Ljava/lang/String;[Ljava/lang/String;)Lcom/android/tools/r8/t/a/a/u; @ 37
Event: 22.366 Thread 0x0000000016991000 Uncommon trap: reason=class_check action=maybe_recompile pc=0x0000000003a356b4 method=com.android.tools.r8.ir.analysis.g.e.b(Lcom/android/tools/r8/ir/code/Instruction;)V @ 139
Event: 22.629 Thread 0x0000000016991000 Uncommon trap: reason=unstable_if action=reinterpret pc=0x000000000356b22c method=java.util.HashMap.resize()[Ljava/util/HashMap$Node; @ 206
Event: 23.002 Thread 0x0000000016991000 Uncommon trap: reason=unstable_if action=reinterpret pc=0x00000000037514b8 method=java.util.HashMap.removeNode(ILjava/lang/Object;Ljava/lang/Object;ZZ)Ljava/util/HashMap$Node; @ 133
Event: 24.876 Thread 0x0000000016991800 Uncommon trap: reason=unstable_if action=reinterpret pc=0x0000000003747094 method=java.util.IdentityHashMap.isEmpty()Z @ 4
Event: 26.000 Thread 0x0000000016991800 Uncommon trap: reason=unstable_if action=reinterpret pc=0x000000000301aa70 method=com.android.tools.r8.graph.DexString.k()Ljava/lang/String; @ 56

Classes redefined (0 events):
No events

Internal exceptions (10 events):
Event: 2.216 Thread 0x0000000002b72800 Exception <a 'java/security/PrivilegedActionException'> (0x00000000ec3f1640) thrown at [D:\j\worksp~1\openjd~3\jdk8u\hotspot\src\share\vm\prims\jvm.cpp, line 1508]
Event: 2.217 Thread 0x0000000002b72800 Exception <a 'java/security/PrivilegedActionException'> (0x00000000ec3f2d80) thrown at [D:\j\worksp~1\openjd~3\jdk8u\hotspot\src\share\vm\prims\jvm.cpp, line 1508]
Event: 2.217 Thread 0x0000000002b72800 Exception <a 'java/security/PrivilegedActionException'> (0x00000000ec3f2f90) thrown at [D:\j\worksp~1\openjd~3\jdk8u\hotspot\src\share\vm\prims\jvm.cpp, line 1508]
Event: 2.275 Thread 0x0000000002b72800 Implicit null exception at 0x0000000002ece41a to 0x0000000002ecedf9
Event: 2.340 Thread 0x0000000002b72800 Implicit null exception at 0x0000000002ed502a to 0x0000000002ed5695
Event: 2.414 Thread 0x0000000002b72800 Implicit null exception at 0x0000000002eb0209 to 0x0000000002eb06c5
Event: 5.707 Thread 0x0000000016991000 Implicit null exception at 0x000000000302d5ce to 0x000000000302e69d
Event: 6.197 Thread 0x0000000016991000 Exception <a 'java/lang/NoSuchMethodError': java.lang.Object.lambda$comparingInt$7b0bb60$1(Ljava/util/function/ToIntFunction;Ljava/lang/Object;Ljava/lang/Object;)I> (0x00000000ee86ecd0) thrown at [D:\j\worksp~1\openjd~3\jdk8u\hotspot\src\share\vm\interpre
Event: 6.208 Thread 0x0000000016991000 Exception <a 'java/lang/NoSuchMethodError': java.lang.Object.lambda$maxBy$1(Ljava/util/Comparator;Ljava/lang/Object;Ljava/lang/Object;)Ljava/lang/Object;> (0x00000000ee87ad58) thrown at [D:\j\worksp~1\openjd~3\jdk8u\hotspot\src\share\vm\interpreter\linkRe
Event: 6.631 Thread 0x0000000016991000 Implicit null exception at 0x000000000309f371 to 0x000000000309f595

Events (10 events):
Event: 28.520 Thread 0x0000000015103000 flushing nmethod 0x00000000032d6410
Event: 28.520 Thread 0x0000000015103000 flushing nmethod 0x00000000032ea090
Event: 28.520 Thread 0x0000000015103000 flushing nmethod 0x00000000032eab50
Event: 28.520 Thread 0x0000000015103000 flushing nmethod 0x00000000033266d0
Event: 28.638 Thread 0x0000000015103000 flushing nmethod 0x0000000003354cd0
Event: 28.638 Thread 0x0000000015103000 flushing nmethod 0x000000000335e550
Event: 28.638 Thread 0x0000000015103000 flushing nmethod 0x000000000336b810
Event: 28.638 Thread 0x0000000015103000 flushing nmethod 0x000000000339da10
Event: 29.618 Thread 0x0000000016991000 DEOPT PACKING pc=0x000000000329ba27 sp=0x000000001723e290
Event: 29.618 Thread 0x0000000016991000 DEOPT UNPACKING pc=0x0000000002cb71d0 sp=0x000000001723dfb0 mode 0


Dynamic libraries:
0x00007ff68bd60000 - 0x00007ff68bd95000 	C:\Program Files\Android\Jdk\microsoft_dist_openjdk_1.8.0.25\bin\java.exe
0x00007ffe9fc40000 - 0x00007ffe9fe30000 	C:\WINDOWS\SYSTEM32\ntdll.dll
0x00007ffe9fae0000 - 0x00007ffe9fb92000 	C:\WINDOWS\System32\KERNEL32.DLL
0x00007ffe9d570000 - 0x00007ffe9d813000 	C:\WINDOWS\System32\KERNELBASE.dll
0x00007ffe9de00000 - 0x00007ffe9dea3000 	C:\WINDOWS\System32\ADVAPI32.dll
0x00007ffe9f5f0000 - 0x00007ffe9f68e000 	C:\WINDOWS\System32\msvcrt.dll
0x00007ffe9f990000 - 0x00007ffe9fa27000 	C:\WINDOWS\System32\sechost.dll
0x00007ffe9ead0000 - 0x00007ffe9ebf0000 	C:\WINDOWS\System32\RPCRT4.dll
0x00007ffe9e930000 - 0x00007ffe9eac4000 	C:\WINDOWS\System32\USER32.dll
0x00007ffe9d8c0000 - 0x00007ffe9d8e1000 	C:\WINDOWS\System32\win32u.dll
0x00007ffe9ddd0000 - 0x00007ffe9ddf6000 	C:\WINDOWS\System32\GDI32.dll
0x00007ffe9d370000 - 0x00007ffe9d504000 	C:\WINDOWS\System32\gdi32full.dll
0x00007ffe9d820000 - 0x00007ffe9d8be000 	C:\WINDOWS\System32\msvcp_win.dll
0x00007ffe9dbf0000 - 0x00007ffe9dcea000 	C:\WINDOWS\System32\ucrtbase.dll
0x00007ffe89e40000 - 0x00007ffe8a0c5000 	C:\WINDOWS\WinSxS\amd64_microsoft.windows.common-controls_6595b64144ccf1df_6.0.18362.778_none_e6c6b761130d4fb8\COMCTL32.dll
0x00007ffe9ecd0000 - 0x00007ffe9f006000 	C:\WINDOWS\System32\combase.dll
0x00007ffe9db70000 - 0x00007ffe9dbf0000 	C:\WINDOWS\System32\bcryptPrimitives.dll
0x00007ffe9dcf0000 - 0x00007ffe9dd1e000 	C:\WINDOWS\System32\IMM32.DLL
0x0000000071f70000 - 0x0000000072041000 	C:\Program Files\Android\Jdk\microsoft_dist_openjdk_1.8.0.25\jre\bin\msvcr100.dll
0x0000000071720000 - 0x0000000071f65000 	C:\Program Files\Android\Jdk\microsoft_dist_openjdk_1.8.0.25\jre\bin\server\jvm.dll
0x00007ffe9f690000 - 0x00007ffe9f698000 	C:\WINDOWS\System32\PSAPI.DLL
0x00007ffe8b960000 - 0x00007ffe8b969000 	C:\WINDOWS\SYSTEM32\WSOCK32.dll
0x00007ffe9f850000 - 0x00007ffe9f8bf000 	C:\WINDOWS\System32\WS2_32.dll
0x00007ffe9a940000 - 0x00007ffe9a964000 	C:\WINDOWS\SYSTEM32\WINMM.dll
0x00007ffe91160000 - 0x00007ffe9116a000 	C:\WINDOWS\SYSTEM32\VERSION.dll
0x00007ffe9a910000 - 0x00007ffe9a93d000 	C:\WINDOWS\SYSTEM32\WINMMBASE.dll
0x00007ffe9db20000 - 0x00007ffe9db6a000 	C:\WINDOWS\System32\cfgmgr32.dll
0x00007ffe8ea80000 - 0x00007ffe8ea8f000 	C:\Program Files\Android\Jdk\microsoft_dist_openjdk_1.8.0.25\jre\bin\verify.dll
0x00007ffe84b20000 - 0x00007ffe84b49000 	C:\Program Files\Android\Jdk\microsoft_dist_openjdk_1.8.0.25\jre\bin\java.dll
0x00007ffe89b10000 - 0x00007ffe89b26000 	C:\Program Files\Android\Jdk\microsoft_dist_openjdk_1.8.0.25\jre\bin\zip.dll
0x00007ffe9deb0000 - 0x00007ffe9e595000 	C:\WINDOWS\System32\SHELL32.dll
0x00007ffe9dd20000 - 0x00007ffe9ddc9000 	C:\WINDOWS\System32\shcore.dll
0x00007ffe9cbd0000 - 0x00007ffe9d350000 	C:\WINDOWS\System32\windows.storage.dll
0x00007ffe9cba0000 - 0x00007ffe9cbc3000 	C:\WINDOWS\System32\profapi.dll
0x00007ffe9cb10000 - 0x00007ffe9cb5a000 	C:\WINDOWS\System32\powrprof.dll
0x00007ffe9cb00000 - 0x00007ffe9cb10000 	C:\WINDOWS\System32\UMPDC.dll
0x00007ffe9f570000 - 0x00007ffe9f5c2000 	C:\WINDOWS\System32\shlwapi.dll
0x00007ffe9cb60000 - 0x00007ffe9cb71000 	C:\WINDOWS\System32\kernel.appcore.dll
0x00007ffe9d350000 - 0x00007ffe9d367000 	C:\WINDOWS\System32\cryptsp.dll
0x00007ffe84b00000 - 0x00007ffe84b1a000 	C:\Program Files\Android\jdk\microsoft_dist_openjdk_1.8.0.25\jre\bin\net.dll
0x00007ffe9c310000 - 0x00007ffe9c377000 	C:\WINDOWS\system32\mswsock.dll
0x00007ffe848f0000 - 0x00007ffe84901000 	C:\Program Files\Android\jdk\microsoft_dist_openjdk_1.8.0.25\jre\bin\nio.dll

VM Arguments:
jvm_args: -Xmx1G 
java_command: com.android.tools.r8.D8 --debug --min-api 21 --output obj\Debug\90\android\bin --lib C:\Program Files (x86)\Android\android-sdk\platforms\android-28\android.jar obj\Debug\90\android\bin\classes.zip C:\Program Files (x86)\Microsoft Visual Studio\2019\Community\Common7\IDE\ReferenceAssemblies\Microsoft\Framework\MonoAndroid\v9.0\mono.android.jar C:\Program Files (x86)\Microsoft Visual Studio\2019\Community\MSBuild\Xamarin\Android\java_runtime_fastdev.jar obj\Debug\90\lp\0\jl\formsviewgroup.jar obj\Debug\90\lp\6\jl\android.arch.core.common.jar obj\Debug\90\lp\7\jl\bin\classes.jar obj\Debug\90\lp\8\jl\android.arch.lifecycle.common.jar obj\Debug\90\lp\9\jl\bin\classes.jar obj\Debug\90\lp\10\jl\bin\classes.jar obj\Debug\90\lp\11\jl\bin\classes.jar obj\Debug\90\lp\12\jl\bin\classes.jar obj\Debug\90\lp\13\jl\bin\classes.jar obj\Debug\90\lp\14\jl\com.android.support.support-annotations.jar obj\Debug\90\lp\15\jl\bin\classes.jar obj\Debug\90\lp\16\jl\com.android.support.collections.jar obj\Debug\90\lp\17\jl\bin\classes.jar obj\Debug\90\lp\18\jl\bin\classes.jar obj\Debug\90\lp\19\jl\bin\classes.jar obj\Debug\90\lp\20\jl\bin\classes.jar obj\Debug\90\lp\21\jl\bin\classes.jar obj\Debug\90\lp\22\jl\bin\classes.jar obj\Debug\90\lp\23\jl\bin\classes.jar obj\Debug\90\lp\24\jl\bin\classes.jar obj\Debug\90\lp\25\jl\bin\classes.jar obj\Debug\90\lp\26\jl\bin\classes.jar obj\Debug\90\lp\27\jl\bin\classes.jar obj\Debug\90\lp\28\jl\bin\classes.jar obj\Debug\90\lp\29\jl\bin\classes.jar obj\Debug\90\lp\30\jl\bin\classes.jar obj\Debug\90\lp\31\jl\bin\classes.jar obj\Debug\90\lp\32\jl\bin\classes.jar obj\Debug\90\lp\33\jl\bin\classes.jar obj\Debug\90\lp\34\jl\bin\classes.jar obj\Debug\90\lp\35\jl\bin\classes.jar obj\Debug\90\lp\37\jl\bin\classes.jar obj\Debug\90\lp\38\jl\bin\classes.jar obj\Debug\90\lp\39\jl\bin\classes.jar obj\Debug\90\lp\40\jl\bin\classes.jar obj\Debug\90\lp\41\jl\bin\classes.jar obj\Debug\90\lp\42\jl\bin\classes.jar
java_class_path (initial): C:\Program Files (x86)\Microsoft Visual Studio\2019\Community\MSBuild\Xamarin\Android\r8.jar
Launcher Type: SUN_STANDARD

Environment Variables:
JAVA_HOME=C:\Program Files\Android\Jdk\microsoft_dist_openjdk_1.8.0.25
PATH=C:\Program Files\Android\Jdk\microsoft_dist_openjdk_1.8.0.25\bin;C:\Program Files (x86)\Common Files\Oracle\Java\javapath;C:\Program Files (x86)\Intel\TXE Components\TCS\;C:\Program Files\Intel\TXE Components\TCS\;C:\WINDOWS\system32;C:\WINDOWS;C:\WINDOWS\System32\Wbem;C:\WINDOWS\System32\WindowsPowerShell\v1.0\;C:\Program Files (x86)\Skype\Phone\;C:\WINDOWS\System32\OpenSSH\;C:\Program Files (x86)\Brackets\command;C:\Program Files\Azure Data Studio\bin;C:\Program Files (x86)\Microsoft SQL Server\Client SDK\ODBC\130\Tools\Binn\;C:\Program Files (x86)\Microsoft SQL Server\140\Tools\Binn\;C:\Program Files (x86)\Microsoft SQL Server\140\DTS\Binn\;C:\Program Files (x86)\Microsoft SQL Server\140\Tools\Binn\ManagementStudio\;C:\Program Files\dotnet\;C:\Program Files\Microsoft SQL Server\130\Tools\Binn\;C:\Program Files\Microsoft SQL Server\Client SDK\ODBC\170\Tools\Binn\;C:\Program Files\Git\cmd;C:\Users\ik\AppData\Local\Microsoft\WindowsApps;;C:\Program Files\Azure Data Studio\bin;C:\Users\ik\.dotnet\tools;%USERPROFILE%\AppData\Local\Microsoft\WindowsApps
USERNAME=ik
OS=Windows_NT
PROCESSOR_IDENTIFIER=Intel64 Family 6 Model 55 Stepping 8, GenuineIntel



---------------  S Y S T E M  ---------------

OS: Windows 10.0 , 64 bit Build 18362 (10.0.18362.778)

CPU:total 2 (initial active 2) (2 cores per cpu, 1 threads per core) family 6 model 55 stepping 8, cmov, cx8, fxsr, mmx, sse, sse2, sse3, ssse3, sse4.1, sse4.2, popcnt, clmul, erms, 3dnowpref, tsc, tscinvbit

Memory: 4k page, physical 8272776k(1723664k free), swap 11856776k(5720k free)

vm_info: OpenJDK 64-Bit Server VM (25.71-b00) for windows-amd64 JRE (1.8.0-25-microsoft-b00), built on Feb  7 2019 20:09:14 by "builder" with MS VC++ 10.0 (VS2010)

time: Tue Apr 28 00:24:29 2020
timezone: Pacific Daylight Time
elapsed time: 30 seconds (0d 0h 0m 30s)

