#
# There is insufficient memory for the Java Runtime Environment to continue.
# Native memory allocation (malloc) failed to allocate 1476976 bytes for Chunk::new
# Possible reasons:
#   The system is out of physical RAM or swap space
#   The process is running with CompressedOops enabled, and the Java Heap may be blocking the growth of the native heap
# Possible solutions:
#   Reduce memory load on the system
#   Increase physical memory or swap space
#   Check if swap backing store is full
#   Decrease Java heap size (-Xmx/-Xms)
#   Decrease number of Java threads
#   Decrease Java thread stack sizes (-Xss)
#   Set larger code cache with -XX:ReservedCodeCacheSize=
#   JVM is running with Unscaled Compressed Oops mode in which the Java heap is
#     placed in the first 4GB address space. The Java Heap base address is the
#     maximum limit for the native heap growth. Please use -XX:HeapBaseMinAddress
#     to set the Java Heap base and to place the Java Heap above 4GB virtual address.
# This output file may be truncated or incomplete.
#
#  Out of Memory Error (allocation.cpp:389), pid=17000, tid=0x0000000000004664
#
# JRE version: OpenJDK Runtime Environment (8.0) (build 1.8.0-25-microsoft-b00)
# Java VM: OpenJDK 64-Bit Server VM (25.71-b00 mixed mode windows-amd64 compressed oops)
# Failed to write core dump. Minidumps are not enabled by default on client versions of Windows
#

---------------  T H R E A D  ---------------

Current thread (0x0000000014a8d000):  JavaThread "C2 CompilerThread0" daemon [_thread_in_native, id=18020, stack(0x0000000015ac0000,0x0000000015bc0000)]

Stack: [0x0000000015ac0000,0x0000000015bc0000]
[error occurred during error reporting (printing stack bounds), id 0xc0000005]

Native frames: (J=compiled Java code, j=interpreted, Vv=VM code, C=native code)


Current CompileTask:
C2:  37390 3988 %     4       com.android.tools.r8.ir.regalloc.LinearScanRegisterAllocator::a @ 2036 (3743 bytes)


---------------  P R O C E S S  ---------------

Java Threads: ( => current thread )
  0x00000000162f2000 JavaThread "ForkJoinPool-1-worker-0" daemon [_thread_in_Java, id=5856, stack(0x0000000016bc0000,0x0000000016cc0000)]
  0x00000000162f1800 JavaThread "ForkJoinPool-1-worker-1" daemon [_thread_in_Java, id=19932, stack(0x0000000016ac0000,0x0000000016bc0000)]
  0x0000000014b09800 JavaThread "Service Thread" daemon [_thread_blocked, id=2760, stack(0x0000000015cc0000,0x0000000015dc0000)]
  0x0000000014ae0000 JavaThread "C1 CompilerThread1" daemon [_thread_blocked, id=7364, stack(0x0000000015bc0000,0x0000000015cc0000)]
=>0x0000000014a8d000 JavaThread "C2 CompilerThread0" daemon [_thread_in_native, id=18020, stack(0x0000000015ac0000,0x0000000015bc0000)]
  0x0000000014a8c000 JavaThread "Attach Listener" daemon [_thread_blocked, id=14632, stack(0x00000000159c0000,0x0000000015ac0000)]
  0x0000000014a88800 JavaThread "Signal Dispatcher" daemon [_thread_blocked, id=14512, stack(0x00000000158c0000,0x00000000159c0000)]
  0x0000000002517000 JavaThread "Finalizer" daemon [_thread_blocked, id=16724, stack(0x00000000156c0000,0x00000000157c0000)]
  0x0000000014a77000 JavaThread "Reference Handler" daemon [_thread_blocked, id=14372, stack(0x00000000155c0000,0x00000000156c0000)]
  0x0000000002422800 JavaThread "main" [_thread_blocked, id=17256, stack(0x00000000022c0000,0x00000000023c0000)]

Other Threads:
  0x0000000014a55800 VMThread [stack: 0x00000000154c0000,0x00000000155c0000] [id=20064]
  0x0000000014b00000 WatcherThread [stack: 0x0000000015dc0000,0x0000000015ec0000] [id=17096]

VM state:not at safepoint (normal execution)

VM Mutex/Monitor currently owned by a thread: None

heap address: 0x00000000c0000000, size: 1024 MB, Compressed Oops mode: 32-bit
Narrow klass base: 0x0000000000000000, Narrow klass shift: 3
Compressed class space size: 1073741824 Address: 0x0000000100000000

Heap:
 PSYoungGen      total 99840K, used 56213K [0x00000000eab00000, 0x00000000f3e80000, 0x0000000100000000)
  eden space 77824K, 69% used [0x00000000eab00000,0x00000000ee00cd00,0x00000000ef700000)
  from space 22016K, 8% used [0x00000000ef700000,0x00000000ef8d8a58,0x00000000f0c80000)
  to   space 20992K, 0% used [0x00000000f2a00000,0x00000000f2a00000,0x00000000f3e80000)
 ParOldGen       total 87552K, used 70062K [0x00000000c0000000, 0x00000000c5580000, 0x00000000eab00000)
  object space 87552K, 80% used [0x00000000c0000000,0x00000000c446bbb8,0x00000000c5580000)
 Metaspace       used 14948K, capacity 15584K, committed 15872K, reserved 1062912K
  class space    used 1770K, capacity 1934K, committed 2048K, reserved 1048576K

Card table byte_map: [0x00000000119c0000,0x0000000011bd0000] byte_map_base: 0x00000000113c0000

Marking Bits: (ParMarkBitMap*) 0x0000000071ee8f30
 Begin Bits: [0x0000000011f30000, 0x0000000012f30000)
 End Bits:   [0x0000000012f30000, 0x0000000013f30000)

Polling page: 0x00000000023c0000

CodeCache: size=245760Kb used=15269Kb max_used=15269Kb free=230490Kb
 bounds [0x0000000002600000, 0x0000000003500000, 0x0000000011600000]
 total_blobs=4202 nmethods=3859 adapters=256
 compilation: enabled

Compilation events (10 events):
Event: 37.288 Thread 0x0000000014ae0000 4148       2       com.android.tools.r8.ir.code.h0::d (22 bytes)
Event: 37.289 Thread 0x0000000014ae0000 nmethod 4148 0x00000000034db090 code [0x00000000034db220, 0x00000000034db688]
Event: 37.335 Thread 0x0000000014ae0000 4149       2       com.android.tools.r8.ir.code.Instruction::u0 (13 bytes)
Event: 37.335 Thread 0x0000000014ae0000 nmethod 4149 0x00000000034a3710 code [0x00000000034a3860, 0x00000000034a39d0]
Event: 37.345 Thread 0x0000000014ae0000 4150       2       com.android.tools.r8.ir.code.q::q (2 bytes)
Event: 37.345 Thread 0x0000000014ae0000 nmethod 4150 0x00000000034d7e50 code [0x00000000034d7fa0, 0x00000000034d80f0]
Event: 37.354 Thread 0x0000000014ae0000 4151       2       com.android.tools.r8.ir.code.Add::d (10 bytes)
Event: 37.355 Thread 0x0000000014ae0000 nmethod 4151 0x00000000034dac90 code [0x00000000034dae00, 0x00000000034dafc8]
Event: 37.379 Thread 0x0000000014ae0000 4152       2       com.android.tools.r8.ir.conversion.S::a (84 bytes)
Event: 37.380 Thread 0x0000000014ae0000 nmethod 4152 0x00000000034da690 code [0x00000000034da820, 0x00000000034daac8]

GC Heap History (10 events):
Event: 31.543 GC heap before
{Heap before GC invocations=13 (full 0):
 PSYoungGen      total 71680K, used 67424K [0x00000000eab00000, 0x00000000ef600000, 0x0000000100000000)
  eden space 66560K, 100% used [0x00000000eab00000,0x00000000eec00000,0x00000000eec00000)
  from space 5120K, 16% used [0x00000000ef100000,0x00000000ef1d8000,0x00000000ef600000)
  to   space 5120K, 0% used [0x00000000eec00000,0x00000000eec00000,0x00000000ef100000)
 ParOldGen       total 87552K, used 64830K [0x00000000c0000000, 0x00000000c5580000, 0x00000000eab00000)
  object space 87552K, 74% used [0x00000000c0000000,0x00000000c3f4fbb8,0x00000000c5580000)
 Metaspace       used 14900K, capacity 15516K, committed 15872K, reserved 1062912K
  class space    used 1766K, capacity 1934K, committed 2048K, reserved 1048576K
Event: 31.567 GC heap after
Heap after GC invocations=13 (full 0):
 PSYoungGen      total 71680K, used 1600K [0x00000000eab00000, 0x00000000ef600000, 0x0000000100000000)
  eden space 66560K, 0% used [0x00000000eab00000,0x00000000eab00000,0x00000000eec00000)
  from space 5120K, 31% used [0x00000000eec00000,0x00000000eed90000,0x00000000ef100000)
  to   space 5120K, 0% used [0x00000000ef100000,0x00000000ef100000,0x00000000ef600000)
 ParOldGen       total 87552K, used 65614K [0x00000000c0000000, 0x00000000c5580000, 0x00000000eab00000)
  object space 87552K, 74% used [0x00000000c0000000,0x00000000c4013bb8,0x00000000c5580000)
 Metaspace       used 14900K, capacity 15516K, committed 15872K, reserved 1062912K
  class space    used 1766K, capacity 1934K, committed 2048K, reserved 1048576K
}
Event: 32.863 GC heap before
{Heap before GC invocations=14 (full 0):
 PSYoungGen      total 71680K, used 68160K [0x00000000eab00000, 0x00000000ef600000, 0x0000000100000000)
  eden space 66560K, 100% used [0x00000000eab00000,0x00000000eec00000,0x00000000eec00000)
  from space 5120K, 31% used [0x00000000eec00000,0x00000000eed90000,0x00000000ef100000)
  to   space 5120K, 0% used [0x00000000ef100000,0x00000000ef100000,0x00000000ef600000)
 ParOldGen       total 87552K, used 65614K [0x00000000c0000000, 0x00000000c5580000, 0x00000000eab00000)
  object space 87552K, 74% used [0x00000000c0000000,0x00000000c4013bb8,0x00000000c5580000)
 Metaspace       used 14923K, capacity 15580K, committed 15872K, reserved 1062912K
  class space    used 1770K, capacity 1934K, committed 2048K, reserved 1048576K
Event: 32.922 GC heap after
Heap after GC invocations=14 (full 0):
 PSYoungGen      total 53760K, used 1312K [0x00000000eab00000, 0x00000000f4000000, 0x0000000100000000)
  eden space 48640K, 0% used [0x00000000eab00000,0x00000000eab00000,0x00000000eda80000)
  from space 5120K, 25% used [0x00000000ef100000,0x00000000ef248000,0x00000000ef600000)
  to   space 23040K, 0% used [0x00000000eda80000,0x00000000eda80000,0x00000000ef100000)
 ParOldGen       total 87552K, used 66990K [0x00000000c0000000, 0x00000000c5580000, 0x00000000eab00000)
  object space 87552K, 76% used [0x00000000c0000000,0x00000000c416bbb8,0x00000000c5580000)
 Metaspace       used 14923K, capacity 15580K, committed 15872K, reserved 1062912K
  class space    used 1770K, capacity 1934K, committed 2048K, reserved 1048576K
}
Event: 33.861 GC heap before
{Heap before GC invocations=15 (full 0):
 PSYoungGen      total 53760K, used 49952K [0x00000000eab00000, 0x00000000f4000000, 0x0000000100000000)
  eden space 48640K, 100% used [0x00000000eab00000,0x00000000eda80000,0x00000000eda80000)
  from space 5120K, 25% used [0x00000000ef100000,0x00000000ef248000,0x00000000ef600000)
  to   space 23040K, 0% used [0x00000000eda80000,0x00000000eda80000,0x00000000ef100000)
 ParOldGen       total 87552K, used 66990K [0x00000000c0000000, 0x00000000c5580000, 0x00000000eab00000)
  object space 87552K, 76% used [0x00000000c0000000,0x00000000c416bbb8,0x00000000c5580000)
 Metaspace       used 14923K, capacity 15580K, committed 15872K, reserved 1062912K
  class space    used 1770K, capacity 1934K, committed 2048K, reserved 1048576K
Event: 33.891 GC heap after
Heap after GC invocations=15 (full 0):
 PSYoungGen      total 71680K, used 1280K [0x00000000eab00000, 0x00000000f2300000, 0x0000000100000000)
  eden space 48640K, 0% used [0x00000000eab00000,0x00000000eab00000,0x00000000eda80000)
  from space 23040K, 5% used [0x00000000eda80000,0x00000000edbc0000,0x00000000ef100000)
  to   space 22528K, 0% used [0x00000000f0d00000,0x00000000f0d00000,0x00000000f2300000)
 ParOldGen       total 87552K, used 68222K [0x00000000c0000000, 0x00000000c5580000, 0x00000000eab00000)
  object space 87552K, 77% used [0x00000000c0000000,0x00000000c429fbb8,0x00000000c5580000)
 Metaspace       used 14923K, capacity 15580K, committed 15872K, reserved 1062912K
  class space    used 1770K, capacity 1934K, committed 2048K, reserved 1048576K
}
Event: 34.861 GC heap before
{Heap before GC invocations=16 (full 0):
 PSYoungGen      total 71680K, used 49920K [0x00000000eab00000, 0x00000000f2300000, 0x0000000100000000)
  eden space 48640K, 100% used [0x00000000eab00000,0x00000000eda80000,0x00000000eda80000)
  from space 23040K, 5% used [0x00000000eda80000,0x00000000edbc0000,0x00000000ef100000)
  to   space 22528K, 0% used [0x00000000f0d00000,0x00000000f0d00000,0x00000000f2300000)
 ParOldGen       total 87552K, used 68222K [0x00000000c0000000, 0x00000000c5580000, 0x00000000eab00000)
  object space 87552K, 77% used [0x00000000c0000000,0x00000000c429fbb8,0x00000000c5580000)
 Metaspace       used 14933K, capacity 15580K, committed 15872K, reserved 1062912K
  class space    used 1770K, capacity 1934K, committed 2048K, reserved 1048576K
Event: 34.887 GC heap after
Heap after GC invocations=16 (full 0):
 PSYoungGen      total 99328K, used 704K [0x00000000eab00000, 0x00000000f2200000, 0x0000000100000000)
  eden space 77824K, 0% used [0x00000000eab00000,0x00000000eab00000,0x00000000ef700000)
  from space 21504K, 3% used [0x00000000f0d00000,0x00000000f0db0000,0x00000000f2200000)
  to   space 22016K, 0% used [0x00000000ef700000,0x00000000ef700000,0x00000000f0c80000)
 ParOldGen       total 87552K, used 69398K [0x00000000c0000000, 0x00000000c5580000, 0x00000000eab00000)
  object space 87552K, 79% used [0x00000000c0000000,0x00000000c43c5bb8,0x00000000c5580000)
 Metaspace       used 14933K, capacity 15580K, committed 15872K, reserved 1062912K
  class space    used 1770K, capacity 1934K, committed 2048K, reserved 1048576K
}
Event: 36.407 GC heap before
{Heap before GC invocations=17 (full 0):
 PSYoungGen      total 99328K, used 78528K [0x00000000eab00000, 0x00000000f2200000, 0x0000000100000000)
  eden space 77824K, 100% used [0x00000000eab00000,0x00000000ef700000,0x00000000ef700000)
  from space 21504K, 3% used [0x00000000f0d00000,0x00000000f0db0000,0x00000000f2200000)
  to   space 22016K, 0% used [0x00000000ef700000,0x00000000ef700000,0x00000000f0c80000)
 ParOldGen       total 87552K, used 69398K [0x00000000c0000000, 0x00000000c5580000, 0x00000000eab00000)
  object space 87552K, 79% used [0x00000000c0000000,0x00000000c43c5bb8,0x00000000c5580000)
 Metaspace       used 14942K, capacity 15580K, committed 15872K, reserved 1062912K
  class space    used 1770K, capacity 1934K, committed 2048K, reserved 1048576K
Event: 36.420 GC heap after
Heap after GC invocations=17 (full 0):
 PSYoungGen      total 99840K, used 1890K [0x00000000eab00000, 0x00000000f3e80000, 0x0000000100000000)
  eden space 77824K, 0% used [0x00000000eab00000,0x00000000eab00000,0x00000000ef700000)
  from space 22016K, 8% used [0x00000000ef700000,0x00000000ef8d8a58,0x00000000f0c80000)
  to   space 20992K, 0% used [0x00000000f2a00000,0x00000000f2a00000,0x00000000f3e80000)
 ParOldGen       total 87552K, used 70062K [0x00000000c0000000, 0x00000000c5580000, 0x00000000eab00000)
  object space 87552K, 80% used [0x00000000c0000000,0x00000000c446bbb8,0x00000000c5580000)
 Metaspace       used 14942K, capacity 15580K, committed 15872K, reserved 1062912K
  class space    used 1770K, capacity 1934K, committed 2048K, reserved 1048576K
}

Deoptimization events (10 events):
Event: 25.577 Thread 0x00000000162f2000 Uncommon trap: reason=unstable_if action=reinterpret pc=0x0000000002c41fa8 method=java.util.HashMap.getNode(ILjava/lang/Object;)Ljava/util/HashMap$Node; @ 129
Event: 26.753 Thread 0x00000000162f1800 Uncommon trap: reason=unstable_if action=reinterpret pc=0x0000000003453588 method=com.android.tools.r8.ir.optimize.g.a(Lcom/android/tools/r8/ir/code/IRCode;)V @ 358
Event: 29.239 Thread 0x00000000162f1800 Uncommon trap: reason=class_check action=maybe_recompile pc=0x00000000032ed0a8 method=com.android.tools.r8.ir.analysis.g.e.b(Lcom/android/tools/r8/ir/code/Instruction;)V @ 139
Event: 29.506 Thread 0x00000000162f1800 Uncommon trap: reason=unstable_if action=reinterpret pc=0x0000000002e441c8 method=java.util.HashMap.resize()[Ljava/util/HashMap$Node; @ 206
Event: 29.739 Thread 0x00000000162f1800 Uncommon trap: reason=unstable_if action=reinterpret pc=0x00000000033e0d4c method=java.util.HashMap.removeNode(ILjava/lang/Object;Ljava/lang/Object;ZZ)Ljava/util/HashMap$Node; @ 133
Event: 31.349 Thread 0x00000000162f2000 Uncommon trap: reason=unstable_if action=reinterpret pc=0x0000000002f50e54 method=java.util.IdentityHashMap.isEmpty()Z @ 4
Event: 31.384 Thread 0x00000000162f1800 Uncommon trap: reason=unstable_if action=reinterpret pc=0x000000000342be9c method=com.android.tools.r8.ir.regalloc.a.a(ILcom/android/tools/r8/ir/regalloc/a$a;)Z @ 73
Event: 32.241 Thread 0x00000000162f2000 Uncommon trap: reason=unstable_if action=reinterpret pc=0x000000000295a3f0 method=com.android.tools.r8.graph.DexString.k()Ljava/lang/String; @ 56
Event: 34.987 Thread 0x00000000162f1800 Uncommon trap: reason=unstable_if action=reinterpret pc=0x0000000002a39864 method=com.android.tools.r8.t.a.a.B.b()Ljava/lang/String; @ 34
Event: 36.659 Thread 0x00000000162f1800 Uncommon trap: reason=unstable_if action=reinterpret pc=0x00000000034cec7c method=java.util.HashMap.removeNode(ILjava/lang/Object;Ljava/lang/Object;ZZ)Ljava/util/HashMap$Node; @ 168

Classes redefined (0 events):
No events

Internal exceptions (10 events):
Event: 2.867 Thread 0x0000000002422800 Exception <a 'java/security/PrivilegedActionException'> (0x00000000ec3f03d0) thrown at [D:\j\worksp~1\openjd~3\jdk8u\hotspot\src\share\vm\prims\jvm.cpp, line 1508]
Event: 2.867 Thread 0x0000000002422800 Exception <a 'java/security/PrivilegedActionException'> (0x00000000ec3f05e0) thrown at [D:\j\worksp~1\openjd~3\jdk8u\hotspot\src\share\vm\prims\jvm.cpp, line 1508]
Event: 2.871 Thread 0x0000000002422800 Exception <a 'java/security/PrivilegedActionException'> (0x00000000ec3f4890) thrown at [D:\j\worksp~1\openjd~3\jdk8u\hotspot\src\share\vm\prims\jvm.cpp, line 1508]
Event: 2.871 Thread 0x0000000002422800 Exception <a 'java/security/PrivilegedActionException'> (0x00000000ec3f4aa0) thrown at [D:\j\worksp~1\openjd~3\jdk8u\hotspot\src\share\vm\prims\jvm.cpp, line 1508]
Event: 2.872 Thread 0x0000000002422800 Exception <a 'java/security/PrivilegedActionException'> (0x00000000ec3f61e0) thrown at [D:\j\worksp~1\openjd~3\jdk8u\hotspot\src\share\vm\prims\jvm.cpp, line 1508]
Event: 2.872 Thread 0x0000000002422800 Exception <a 'java/security/PrivilegedActionException'> (0x00000000ec3f63f0) thrown at [D:\j\worksp~1\openjd~3\jdk8u\hotspot\src\share\vm\prims\jvm.cpp, line 1508]
Event: 2.950 Thread 0x0000000002422800 Implicit null exception at 0x000000000285506a to 0x00000000028556d5
Event: 8.962 Thread 0x00000000162f2000 Implicit null exception at 0x00000000029f1571 to 0x00000000029f253f
Event: 9.500 Thread 0x00000000162f2000 Exception <a 'java/lang/NoSuchMethodError': java.lang.Object.lambda$comparingInt$7b0bb60$1(Ljava/util/function/ToIntFunction;Ljava/lang/Object;Ljava/lang/Object;)I> (0x00000000ee86e308) thrown at [D:\j\worksp~1\openjd~3\jdk8u\hotspot\src\share\vm\interpre
Event: 9.536 Thread 0x00000000162f2000 Exception <a 'java/lang/NoSuchMethodError': java.lang.Object.lambda$maxBy$1(Ljava/util/Comparator;Ljava/lang/Object;Ljava/lang/Object;)Ljava/lang/Object;> (0x00000000ee879cf8) thrown at [D:\j\worksp~1\openjd~3\jdk8u\hotspot\src\share\vm\interpreter\linkRe

Events (10 events):
Event: 37.179 Thread 0x00000000162f2000 DEOPT PACKING pc=0x0000000002ffe3c4 sp=0x0000000016cbe560
Event: 37.179 Thread 0x00000000162f2000 DEOPT UNPACKING pc=0x00000000026471d0 sp=0x0000000016cbe348 mode 0
Event: 37.221 Thread 0x00000000162f2000 DEOPT PACKING pc=0x0000000003148291 sp=0x0000000016cbe030
Event: 37.221 Thread 0x00000000162f2000 DEOPT UNPACKING pc=0x00000000026471d0 sp=0x0000000016cbe0a8 mode 0
Event: 37.331 Thread 0x00000000162f1800 DEOPT PACKING pc=0x0000000002c550e7 sp=0x0000000016bbea40
Event: 37.331 Thread 0x00000000162f1800 DEOPT UNPACKING pc=0x00000000026471d0 sp=0x0000000016bbe760 mode 0
Event: 37.340 Thread 0x00000000162f1800 DEOPT PACKING pc=0x0000000003148291 sp=0x0000000016bbe540
Event: 37.340 Thread 0x00000000162f1800 DEOPT UNPACKING pc=0x00000000026471d0 sp=0x0000000016bbe5b8 mode 0
Event: 37.353 Thread 0x00000000162f2000 DEOPT PACKING pc=0x0000000002a7bd1c sp=0x0000000016cbe070
Event: 37.353 Thread 0x00000000162f2000 DEOPT UNPACKING pc=0x00000000026471d0 sp=0x0000000016cbe080 mode 0


Dynamic libraries:
0x00007ff68bd60000 - 0x00007ff68bd95000 	C:\Program Files\Android\Jdk\microsoft_dist_openjdk_1.8.0.25\bin\java.exe
0x00007ffe9fc40000 - 0x00007ffe9fe30000 	C:\WINDOWS\SYSTEM32\ntdll.dll
0x00007ffe9fae0000 - 0x00007ffe9fb92000 	C:\WINDOWS\System32\KERNEL32.DLL
0x00007ffe9d570000 - 0x00007ffe9d813000 	C:\WINDOWS\System32\KERNELBASE.dll
0x00007ffe9de00000 - 0x00007ffe9dea3000 	C:\WINDOWS\System32\ADVAPI32.dll
0x00007ffe9f5f0000 - 0x00007ffe9f68e000 	C:\WINDOWS\System32\msvcrt.dll
0x00007ffe9f990000 - 0x00007ffe9fa27000 	C:\WINDOWS\System32\sechost.dll
0x00007ffe9ead0000 - 0x00007ffe9ebf0000 	C:\WINDOWS\System32\RPCRT4.dll
0x00007ffe9e930000 - 0x00007ffe9eac4000 	C:\WINDOWS\System32\USER32.dll
0x00007ffe9d8c0000 - 0x00007ffe9d8e1000 	C:\WINDOWS\System32\win32u.dll
0x00007ffe9ddd0000 - 0x00007ffe9ddf6000 	C:\WINDOWS\System32\GDI32.dll
0x00007ffe9d370000 - 0x00007ffe9d504000 	C:\WINDOWS\System32\gdi32full.dll
0x00007ffe9d820000 - 0x00007ffe9d8be000 	C:\WINDOWS\System32\msvcp_win.dll
0x00007ffe9dbf0000 - 0x00007ffe9dcea000 	C:\WINDOWS\System32\ucrtbase.dll
0x00007ffe89e40000 - 0x00007ffe8a0c5000 	C:\WINDOWS\WinSxS\amd64_microsoft.windows.common-controls_6595b64144ccf1df_6.0.18362.778_none_e6c6b761130d4fb8\COMCTL32.dll
0x00007ffe9ecd0000 - 0x00007ffe9f006000 	C:\WINDOWS\System32\combase.dll
0x00007ffe9db70000 - 0x00007ffe9dbf0000 	C:\WINDOWS\System32\bcryptPrimitives.dll
0x00007ffe9dcf0000 - 0x00007ffe9dd1e000 	C:\WINDOWS\System32\IMM32.DLL
0x0000000071f70000 - 0x0000000072041000 	C:\Program Files\Android\Jdk\microsoft_dist_openjdk_1.8.0.25\jre\bin\msvcr100.dll
0x0000000071720000 - 0x0000000071f65000 	C:\Program Files\Android\Jdk\microsoft_dist_openjdk_1.8.0.25\jre\bin\server\jvm.dll
0x00007ffe9f690000 - 0x00007ffe9f698000 	C:\WINDOWS\System32\PSAPI.DLL
0x00007ffe8b960000 - 0x00007ffe8b969000 	C:\WINDOWS\SYSTEM32\WSOCK32.dll
0x00007ffe9f850000 - 0x00007ffe9f8bf000 	C:\WINDOWS\System32\WS2_32.dll
0x00007ffe9a940000 - 0x00007ffe9a964000 	C:\WINDOWS\SYSTEM32\WINMM.dll
0x00007ffe91160000 - 0x00007ffe9116a000 	C:\WINDOWS\SYSTEM32\VERSION.dll
0x00007ffe9a910000 - 0x00007ffe9a93d000 	C:\WINDOWS\SYSTEM32\WINMMBASE.dll
0x00007ffe9db20000 - 0x00007ffe9db6a000 	C:\WINDOWS\System32\cfgmgr32.dll
0x00007ffe8ea80000 - 0x00007ffe8ea8f000 	C:\Program Files\Android\Jdk\microsoft_dist_openjdk_1.8.0.25\jre\bin\verify.dll
0x00007ffe84b20000 - 0x00007ffe84b49000 	C:\Program Files\Android\Jdk\microsoft_dist_openjdk_1.8.0.25\jre\bin\java.dll
0x00007ffe89b10000 - 0x00007ffe89b26000 	C:\Program Files\Android\Jdk\microsoft_dist_openjdk_1.8.0.25\jre\bin\zip.dll
0x00007ffe9deb0000 - 0x00007ffe9e595000 	C:\WINDOWS\System32\SHELL32.dll
0x00007ffe9dd20000 - 0x00007ffe9ddc9000 	C:\WINDOWS\System32\shcore.dll
0x00007ffe9cbd0000 - 0x00007ffe9d350000 	C:\WINDOWS\System32\windows.storage.dll
0x00007ffe9cba0000 - 0x00007ffe9cbc3000 	C:\WINDOWS\System32\profapi.dll
0x00007ffe9cb10000 - 0x00007ffe9cb5a000 	C:\WINDOWS\System32\powrprof.dll
0x00007ffe9cb00000 - 0x00007ffe9cb10000 	C:\WINDOWS\System32\UMPDC.dll
0x00007ffe9f570000 - 0x00007ffe9f5c2000 	C:\WINDOWS\System32\shlwapi.dll
0x00007ffe9cb60000 - 0x00007ffe9cb71000 	C:\WINDOWS\System32\kernel.appcore.dll
0x00007ffe9d350000 - 0x00007ffe9d367000 	C:\WINDOWS\System32\cryptsp.dll
0x00007ffe84b00000 - 0x00007ffe84b1a000 	C:\Program Files\Android\jdk\microsoft_dist_openjdk_1.8.0.25\jre\bin\net.dll
0x00007ffe9c310000 - 0x00007ffe9c377000 	C:\WINDOWS\system32\mswsock.dll
0x00007ffe848f0000 - 0x00007ffe84901000 	C:\Program Files\Android\jdk\microsoft_dist_openjdk_1.8.0.25\jre\bin\nio.dll

VM Arguments:
jvm_args: -Xmx1G 
java_command: com.android.tools.r8.D8 --debug --min-api 21 --output obj\Debug\90\android\bin --lib C:\Program Files (x86)\Android\android-sdk\platforms\android-28\android.jar obj\Debug\90\android\bin\classes.zip C:\Program Files (x86)\Microsoft Visual Studio\2019\Community\Common7\IDE\ReferenceAssemblies\Microsoft\Framework\MonoAndroid\v9.0\mono.android.jar C:\Program Files (x86)\Microsoft Visual Studio\2019\Community\MSBuild\Xamarin\Android\java_runtime_fastdev.jar obj\Debug\90\lp\0\jl\formsviewgroup.jar obj\Debug\90\lp\6\jl\android.arch.core.common.jar obj\Debug\90\lp\7\jl\bin\classes.jar obj\Debug\90\lp\8\jl\android.arch.lifecycle.common.jar obj\Debug\90\lp\9\jl\bin\classes.jar obj\Debug\90\lp\10\jl\bin\classes.jar obj\Debug\90\lp\11\jl\bin\classes.jar obj\Debug\90\lp\12\jl\bin\classes.jar obj\Debug\90\lp\13\jl\bin\classes.jar obj\Debug\90\lp\14\jl\com.android.support.support-annotations.jar obj\Debug\90\lp\15\jl\bin\classes.jar obj\Debug\90\lp\16\jl\com.android.support.collections.jar obj\Debug\90\lp\17\jl\bin\classes.jar obj\Debug\90\lp\18\jl\bin\classes.jar obj\Debug\90\lp\19\jl\bin\classes.jar obj\Debug\90\lp\20\jl\bin\classes.jar obj\Debug\90\lp\21\jl\bin\classes.jar obj\Debug\90\lp\22\jl\bin\classes.jar obj\Debug\90\lp\23\jl\bin\classes.jar obj\Debug\90\lp\24\jl\bin\classes.jar obj\Debug\90\lp\25\jl\bin\classes.jar obj\Debug\90\lp\26\jl\bin\classes.jar obj\Debug\90\lp\27\jl\bin\classes.jar obj\Debug\90\lp\28\jl\bin\classes.jar obj\Debug\90\lp\29\jl\bin\classes.jar obj\Debug\90\lp\30\jl\bin\classes.jar obj\Debug\90\lp\31\jl\bin\classes.jar obj\Debug\90\lp\32\jl\bin\classes.jar obj\Debug\90\lp\33\jl\bin\classes.jar obj\Debug\90\lp\34\jl\bin\classes.jar obj\Debug\90\lp\35\jl\bin\classes.jar obj\Debug\90\lp\37\jl\bin\classes.jar obj\Debug\90\lp\38\jl\bin\classes.jar obj\Debug\90\lp\39\jl\bin\classes.jar obj\Debug\90\lp\40\jl\bin\classes.jar obj\Debug\90\lp\41\jl\bin\classes.jar obj\Debug\90\lp\42\jl\bin\classes.jar
java_class_path (initial): C:\Program Files (x86)\Microsoft Visual Studio\2019\Community\MSBuild\Xamarin\Android\r8.jar
Launcher Type: SUN_STANDARD

Environment Variables:
JAVA_HOME=C:\Program Files\Android\Jdk\microsoft_dist_openjdk_1.8.0.25
PATH=C:\Program Files\Android\Jdk\microsoft_dist_openjdk_1.8.0.25\bin;C:\Program Files (x86)\Common Files\Oracle\Java\javapath;C:\Program Files (x86)\Intel\TXE Components\TCS\;C:\Program Files\Intel\TXE Components\TCS\;C:\WINDOWS\system32;C:\WINDOWS;C:\WINDOWS\System32\Wbem;C:\WINDOWS\System32\WindowsPowerShell\v1.0\;C:\Program Files (x86)\Skype\Phone\;C:\WINDOWS\System32\OpenSSH\;C:\Program Files (x86)\Brackets\command;C:\Program Files\Azure Data Studio\bin;C:\Program Files (x86)\Microsoft SQL Server\Client SDK\ODBC\130\Tools\Binn\;C:\Program Files (x86)\Microsoft SQL Server\140\Tools\Binn\;C:\Program Files (x86)\Microsoft SQL Server\140\DTS\Binn\;C:\Program Files (x86)\Microsoft SQL Server\140\Tools\Binn\ManagementStudio\;C:\Program Files\dotnet\;C:\Program Files\Microsoft SQL Server\130\Tools\Binn\;C:\Program Files\Microsoft SQL Server\Client SDK\ODBC\170\Tools\Binn\;C:\Program Files\Git\cmd;C:\Users\ik\AppData\Local\Microsoft\WindowsApps;;C:\Program Files\Azure Data Studio\bin;C:\Users\ik\.dotnet\tools;%USERPROFILE%\AppData\Local\Microsoft\WindowsApps
USERNAME=ik
OS=Windows_NT
PROCESSOR_IDENTIFIER=Intel64 Family 6 Model 55 Stepping 8, GenuineIntel



---------------  S Y S T E M  ---------------

OS: Windows 10.0 , 64 bit Build 18362 (10.0.18362.778)

CPU:total 2 (initial active 2) (2 cores per cpu, 1 threads per core) family 6 model 55 stepping 8, cmov, cx8, fxsr, mmx, sse, sse2, sse3, ssse3, sse4.1, sse4.2, popcnt, clmul, erms, 3dnowpref, tsc, tscinvbit

Memory: 4k page, physical 8272776k(2134388k free), swap 11856776k(6192k free)

vm_info: OpenJDK 64-Bit Server VM (25.71-b00) for windows-amd64 JRE (1.8.0-25-microsoft-b00), built on Feb  7 2019 20:09:14 by "builder" with MS VC++ 10.0 (VS2010)

time: Tue Apr 28 00:25:40 2020
timezone: Pacific Daylight Time
elapsed time: 37 seconds (0d 0h 0m 37s)

