#
# There is insufficient memory for the Java Runtime Environment to continue.
# Native memory allocation (malloc) failed to allocate 1629840 bytes for Chunk::new
# Possible reasons:
#   The system is out of physical RAM or swap space
#   The process is running with CompressedOops enabled, and the Java Heap may be blocking the growth of the native heap
# Possible solutions:
#   Reduce memory load on the system
#   Increase physical memory or swap space
#   Check if swap backing store is full
#   Decrease Java heap size (-Xmx/-Xms)
#   Decrease number of Java threads
#   Decrease Java thread stack sizes (-Xss)
#   Set larger code cache with -XX:ReservedCodeCacheSize=
#   JVM is running with Unscaled Compressed Oops mode in which the Java heap is
#     placed in the first 4GB address space. The Java Heap base address is the
#     maximum limit for the native heap growth. Please use -XX:HeapBaseMinAddress
#     to set the Java Heap base and to place the Java Heap above 4GB virtual address.
# This output file may be truncated or incomplete.
#
#  Out of Memory Error (allocation.cpp:389), pid=10420, tid=0x0000000000000adc
#
# JRE version: OpenJDK Runtime Environment (8.0) (build 1.8.0-25-microsoft-b00)
# Java VM: OpenJDK 64-Bit Server VM (25.71-b00 mixed mode windows-amd64 compressed oops)
# Failed to write core dump. Minidumps are not enabled by default on client versions of Windows
#

---------------  T H R E A D  ---------------

Current thread (0x000000001489e800):  JavaThread "C2 CompilerThread0" daemon [_thread_in_native, id=2780, stack(0x00000000158d0000,0x00000000159d0000)]

Stack: [0x00000000158d0000,0x00000000159d0000]
[error occurred during error reporting (printing stack bounds), id 0xc0000005]

Native frames: (J=compiled Java code, j=interpreted, Vv=VM code, C=native code)


Current CompileTask:
C2:  51576 4236 %     4       com.android.tools.r8.t.a.a.f::a @ 2007 (4166 bytes)


---------------  P R O C E S S  ---------------

Java Threads: ( => current thread )
  0x0000000016165800 JavaThread "ForkJoinPool-1-worker-0" daemon [_thread_in_Java, id=15896, stack(0x00000000169d0000,0x0000000016ad0000)]
  0x0000000016165000 JavaThread "ForkJoinPool-1-worker-1" daemon [_thread_in_Java, id=7808, stack(0x00000000168d0000,0x00000000169d0000)]
  0x0000000014918000 JavaThread "Service Thread" daemon [_thread_blocked, id=9136, stack(0x0000000015ad0000,0x0000000015bd0000)]
  0x00000000148a4000 JavaThread "C1 CompilerThread1" daemon [_thread_blocked, id=14796, stack(0x00000000159d0000,0x0000000015ad0000)]
=>0x000000001489e800 JavaThread "C2 CompilerThread0" daemon [_thread_in_native, id=2780, stack(0x00000000158d0000,0x00000000159d0000)]
  0x000000001489d000 JavaThread "Attach Listener" daemon [_thread_blocked, id=19792, stack(0x00000000157d0000,0x00000000158d0000)]
  0x0000000014898000 JavaThread "Signal Dispatcher" daemon [_thread_blocked, id=18932, stack(0x00000000156d0000,0x00000000157d0000)]
  0x0000000002407000 JavaThread "Finalizer" daemon [_thread_blocked, id=19476, stack(0x00000000154d0000,0x00000000155d0000)]
  0x0000000014887000 JavaThread "Reference Handler" daemon [_thread_blocked, id=19092, stack(0x00000000153d0000,0x00000000154d0000)]
  0x0000000002312800 JavaThread "main" [_thread_blocked, id=2856, stack(0x0000000002210000,0x0000000002310000)]

Other Threads:
  0x0000000014865800 VMThread [stack: 0x00000000152d0000,0x00000000153d0000] [id=12988]
  0x000000001491b800 WatcherThread [stack: 0x0000000015bd0000,0x0000000015cd0000] [id=19736]

VM state:not at safepoint (normal execution)

VM Mutex/Monitor currently owned by a thread: None

heap address: 0x00000000c0000000, size: 1024 MB, Compressed Oops mode: 32-bit
Narrow klass base: 0x0000000000000000, Narrow klass shift: 3
Compressed class space size: 1073741824 Address: 0x0000000100000000

Heap:
 PSYoungGen      total 173056K, used 26376K [0x00000000eab00000, 0x00000000f6c80000, 0x0000000100000000)
  eden space 152576K, 8% used [0x00000000eab00000,0x00000000eb8662c0,0x00000000f4000000)
  from space 20480K, 61% used [0x00000000f5400000,0x00000000f605c010,0x00000000f6800000)
  to   space 20480K, 0% used [0x00000000f4000000,0x00000000f4000000,0x00000000f5400000)
 ParOldGen       total 107008K, used 40352K [0x00000000c0000000, 0x00000000c6880000, 0x00000000eab00000)
  object space 107008K, 37% used [0x00000000c0000000,0x00000000c27681a8,0x00000000c6880000)
 Metaspace       used 14970K, capacity 15634K, committed 15872K, reserved 1062912K
  class space    used 1765K, capacity 1929K, committed 2048K, reserved 1048576K

Card table byte_map: [0x00000000117d0000,0x00000000119e0000] byte_map_base: 0x00000000111d0000

Marking Bits: (ParMarkBitMap*) 0x0000000071ee8f30
 Begin Bits: [0x0000000011d40000, 0x0000000012d40000)
 End Bits:   [0x0000000012d40000, 0x0000000013d40000)

Polling page: 0x0000000000480000

CodeCache: size=245760Kb used=14279Kb max_used=14307Kb free=231480Kb
 bounds [0x0000000002410000, 0x0000000003280000, 0x0000000011410000]
 total_blobs=4011 nmethods=3667 adapters=256
 compilation: enabled

Compilation events (10 events):
Event: 50.105 Thread 0x000000001489e800 nmethod 4223% 0x0000000003263f90 code [0x00000000032647e0, 0x000000000326bf20]
Event: 50.106 Thread 0x000000001489e800 4236 %     4       com.android.tools.r8.t.a.a.f::a @ 2007 (4166 bytes)
Event: 50.307 Thread 0x00000000148a4000 4253 %     3       com.android.tools.r8.ir.regalloc.LiveIntervals::c @ 8 (44 bytes)
Event: 50.308 Thread 0x00000000148a4000 nmethod 4253% 0x0000000002b5a550 code [0x0000000002b5a720, 0x0000000002b5ae38]
Event: 50.308 Thread 0x00000000148a4000 4254       3       com.android.tools.r8.ir.regalloc.LiveIntervals::c (44 bytes)
Event: 50.309 Thread 0x00000000148a4000 nmethod 4254 0x00000000029286d0 code [0x00000000029288a0, 0x0000000002928f58]
Event: 50.312 Thread 0x00000000148a4000 4255       2       com.android.tools.r8.ir.regalloc.LinearScanRegisterAllocator::a (335 bytes)
Event: 50.317 Thread 0x00000000148a4000 nmethod 4255 0x0000000002991e50 code [0x0000000002992120, 0x0000000002992e78]
Event: 50.807 Thread 0x00000000148a4000 4256       1       com.android.tools.r8.m.a.a.b.G2::size (2 bytes)
Event: 50.807 Thread 0x00000000148a4000 nmethod 4256 0x0000000002ee24d0 code [0x0000000002ee2620, 0x0000000002ee2730]

GC Heap History (10 events):
Event: 38.430 GC heap before
{Heap before GC invocations=15 (full 1):
 PSYoungGen      total 156672K, used 133120K [0x00000000eab00000, 0x00000000f5b00000, 0x0000000100000000)
  eden space 133120K, 100% used [0x00000000eab00000,0x00000000f2d00000,0x00000000f2d00000)
  from space 23552K, 0% used [0x00000000f2d00000,0x00000000f2d00000,0x00000000f4400000)
  to   space 23552K, 0% used [0x00000000f4400000,0x00000000f4400000,0x00000000f5b00000)
 ParOldGen       total 107008K, used 40352K [0x00000000c0000000, 0x00000000c6880000, 0x00000000eab00000)
  object space 107008K, 37% used [0x00000000c0000000,0x00000000c27681a8,0x00000000c6880000)
 Metaspace       used 14961K, capacity 15570K, committed 15872K, reserved 1062912K
  class space    used 1764K, capacity 1929K, committed 2048K, reserved 1048576K
Event: 38.451 GC heap after
Heap after GC invocations=15 (full 1):
 PSYoungGen      total 156672K, used 2755K [0x00000000eab00000, 0x00000000f5b00000, 0x0000000100000000)
  eden space 133120K, 0% used [0x00000000eab00000,0x00000000eab00000,0x00000000f2d00000)
  from space 23552K, 11% used [0x00000000f4400000,0x00000000f46b0e20,0x00000000f5b00000)
  to   space 23552K, 0% used [0x00000000f2d00000,0x00000000f2d00000,0x00000000f4400000)
 ParOldGen       total 107008K, used 40352K [0x00000000c0000000, 0x00000000c6880000, 0x00000000eab00000)
  object space 107008K, 37% used [0x00000000c0000000,0x00000000c27681a8,0x00000000c6880000)
 Metaspace       used 14961K, capacity 15570K, committed 15872K, reserved 1062912K
  class space    used 1764K, capacity 1929K, committed 2048K, reserved 1048576K
}
Event: 40.970 GC heap before
{Heap before GC invocations=16 (full 1):
 PSYoungGen      total 156672K, used 135875K [0x00000000eab00000, 0x00000000f5b00000, 0x0000000100000000)
  eden space 133120K, 100% used [0x00000000eab00000,0x00000000f2d00000,0x00000000f2d00000)
  from space 23552K, 11% used [0x00000000f4400000,0x00000000f46b0e20,0x00000000f5b00000)
  to   space 23552K, 0% used [0x00000000f2d00000,0x00000000f2d00000,0x00000000f4400000)
 ParOldGen       total 107008K, used 40352K [0x00000000c0000000, 0x00000000c6880000, 0x00000000eab00000)
  object space 107008K, 37% used [0x00000000c0000000,0x00000000c27681a8,0x00000000c6880000)
 Metaspace       used 14962K, capacity 15570K, committed 15872K, reserved 1062912K
  class space    used 1764K, capacity 1929K, committed 2048K, reserved 1048576K
Event: 41.004 GC heap after
Heap after GC invocations=16 (full 1):
 PSYoungGen      total 156672K, used 4992K [0x00000000eab00000, 0x00000000f5b00000, 0x0000000100000000)
  eden space 133120K, 0% used [0x00000000eab00000,0x00000000eab00000,0x00000000f2d00000)
  from space 23552K, 21% used [0x00000000f2d00000,0x00000000f31e0000,0x00000000f4400000)
  to   space 23552K, 0% used [0x00000000f4400000,0x00000000f4400000,0x00000000f5b00000)
 ParOldGen       total 107008K, used 40352K [0x00000000c0000000, 0x00000000c6880000, 0x00000000eab00000)
  object space 107008K, 37% used [0x00000000c0000000,0x00000000c27681a8,0x00000000c6880000)
 Metaspace       used 14962K, capacity 15570K, committed 15872K, reserved 1062912K
  class space    used 1764K, capacity 1929K, committed 2048K, reserved 1048576K
}
Event: 43.620 GC heap before
{Heap before GC invocations=17 (full 1):
 PSYoungGen      total 156672K, used 138112K [0x00000000eab00000, 0x00000000f5b00000, 0x0000000100000000)
  eden space 133120K, 100% used [0x00000000eab00000,0x00000000f2d00000,0x00000000f2d00000)
  from space 23552K, 21% used [0x00000000f2d00000,0x00000000f31e0000,0x00000000f4400000)
  to   space 23552K, 0% used [0x00000000f4400000,0x00000000f4400000,0x00000000f5b00000)
 ParOldGen       total 107008K, used 40352K [0x00000000c0000000, 0x00000000c6880000, 0x00000000eab00000)
  object space 107008K, 37% used [0x00000000c0000000,0x00000000c27681a8,0x00000000c6880000)
 Metaspace       used 14963K, capacity 15570K, committed 15872K, reserved 1062912K
  class space    used 1764K, capacity 1929K, committed 2048K, reserved 1048576K
Event: 43.674 GC heap after
Heap after GC invocations=17 (full 1):
 PSYoungGen      total 156672K, used 7552K [0x00000000eab00000, 0x00000000f5b00000, 0x0000000100000000)
  eden space 133120K, 0% used [0x00000000eab00000,0x00000000eab00000,0x00000000f2d00000)
  from space 23552K, 32% used [0x00000000f4400000,0x00000000f4b60000,0x00000000f5b00000)
  to   space 23552K, 0% used [0x00000000f2d00000,0x00000000f2d00000,0x00000000f4400000)
 ParOldGen       total 107008K, used 40352K [0x00000000c0000000, 0x00000000c6880000, 0x00000000eab00000)
  object space 107008K, 37% used [0x00000000c0000000,0x00000000c27681a8,0x00000000c6880000)
 Metaspace       used 14963K, capacity 15570K, committed 15872K, reserved 1062912K
  class space    used 1764K, capacity 1929K, committed 2048K, reserved 1048576K
}
Event: 47.156 GC heap before
{Heap before GC invocations=18 (full 1):
 PSYoungGen      total 156672K, used 140672K [0x00000000eab00000, 0x00000000f5b00000, 0x0000000100000000)
  eden space 133120K, 100% used [0x00000000eab00000,0x00000000f2d00000,0x00000000f2d00000)
  from space 23552K, 32% used [0x00000000f4400000,0x00000000f4b60000,0x00000000f5b00000)
  to   space 23552K, 0% used [0x00000000f2d00000,0x00000000f2d00000,0x00000000f4400000)
 ParOldGen       total 107008K, used 40352K [0x00000000c0000000, 0x00000000c6880000, 0x00000000eab00000)
  object space 107008K, 37% used [0x00000000c0000000,0x00000000c27681a8,0x00000000c6880000)
 Metaspace       used 14963K, capacity 15570K, committed 15872K, reserved 1062912K
  class space    used 1764K, capacity 1929K, committed 2048K, reserved 1048576K
Event: 47.184 GC heap after
Heap after GC invocations=18 (full 1):
 PSYoungGen      total 156672K, used 10128K [0x00000000eab00000, 0x00000000f6800000, 0x0000000100000000)
  eden space 133120K, 0% used [0x00000000eab00000,0x00000000eab00000,0x00000000f2d00000)
  from space 23552K, 43% used [0x00000000f2d00000,0x00000000f36e4010,0x00000000f4400000)
  to   space 20480K, 0% used [0x00000000f5400000,0x00000000f5400000,0x00000000f6800000)
 ParOldGen       total 107008K, used 40352K [0x00000000c0000000, 0x00000000c6880000, 0x00000000eab00000)
  object space 107008K, 37% used [0x00000000c0000000,0x00000000c27681a8,0x00000000c6880000)
 Metaspace       used 14963K, capacity 15570K, committed 15872K, reserved 1062912K
  class space    used 1764K, capacity 1929K, committed 2048K, reserved 1048576K
}
Event: 51.006 GC heap before
{Heap before GC invocations=19 (full 1):
 PSYoungGen      total 156672K, used 143248K [0x00000000eab00000, 0x00000000f6800000, 0x0000000100000000)
  eden space 133120K, 100% used [0x00000000eab00000,0x00000000f2d00000,0x00000000f2d00000)
  from space 23552K, 43% used [0x00000000f2d00000,0x00000000f36e4010,0x00000000f4400000)
  to   space 20480K, 0% used [0x00000000f5400000,0x00000000f5400000,0x00000000f6800000)
 ParOldGen       total 107008K, used 40352K [0x00000000c0000000, 0x00000000c6880000, 0x00000000eab00000)
  object space 107008K, 37% used [0x00000000c0000000,0x00000000c27681a8,0x00000000c6880000)
 Metaspace       used 14970K, capacity 15634K, committed 15872K, reserved 1062912K
  class space    used 1765K, capacity 1929K, committed 2048K, reserved 1048576K
Event: 51.180 GC heap after
Heap after GC invocations=19 (full 1):
 PSYoungGen      total 173056K, used 12656K [0x00000000eab00000, 0x00000000f6c80000, 0x0000000100000000)
  eden space 152576K, 0% used [0x00000000eab00000,0x00000000eab00000,0x00000000f4000000)
  from space 20480K, 61% used [0x00000000f5400000,0x00000000f605c010,0x00000000f6800000)
  to   space 20480K, 0% used [0x00000000f4000000,0x00000000f4000000,0x00000000f5400000)
 ParOldGen       total 107008K, used 40352K [0x00000000c0000000, 0x00000000c6880000, 0x00000000eab00000)
  object space 107008K, 37% used [0x00000000c0000000,0x00000000c27681a8,0x00000000c6880000)
 Metaspace       used 14970K, capacity 15634K, committed 15872K, reserved 1062912K
  class space    used 1765K, capacity 1929K, committed 2048K, reserved 1048576K
}

Deoptimization events (10 events):
Event: 25.460 Thread 0x0000000016165000 Uncommon trap: reason=unstable_if action=reinterpret pc=0x00000000027bee34 method=com.android.tools.r8.graph.DexString.k()Ljava/lang/String; @ 56
Event: 32.074 Thread 0x0000000016165000 Uncommon trap: reason=class_check action=maybe_recompile pc=0x0000000003111eec method=com.android.tools.r8.ir.analysis.g.e.b(Lcom/android/tools/r8/ir/code/Instruction;)V @ 139
Event: 32.074 Thread 0x0000000016165000 Uncommon trap: reason=class_check action=maybe_recompile pc=0x0000000003111eec method=com.android.tools.r8.ir.analysis.g.e.b(Lcom/android/tools/r8/ir/code/Instruction;)V @ 139
Event: 32.074 Thread 0x0000000016165000 Uncommon trap: reason=class_check action=maybe_recompile pc=0x0000000003111eec method=com.android.tools.r8.ir.analysis.g.e.b(Lcom/android/tools/r8/ir/code/Instruction;)V @ 139
Event: 33.459 Thread 0x0000000016165800 Uncommon trap: reason=unstable_if action=reinterpret pc=0x0000000002746490 method=com.android.tools.r8.n.a.a.a.g.B0$e.contains(Ljava/lang/Object;)Z @ 124
Event: 33.987 Thread 0x0000000016165000 Uncommon trap: reason=unstable_if action=reinterpret pc=0x000000000265a728 method=com.android.tools.r8.ir.conversion.V.a(Lcom/android/tools/r8/t/a/a/B;Lcom/android/tools/r8/t/a/a/B;)Z @ 211
Event: 38.032 Thread 0x0000000016165000 Uncommon trap: reason=predicate action=maybe_recompile pc=0x000000000307d480 method=com.android.tools.r8.t.a.a.f.a(Lcom/android/tools/r8/t/a/a/h;[Lcom/android/tools/r8/t/a/a/d;I)V @ 1553
Event: 39.442 Thread 0x0000000016165800 Uncommon trap: reason=unstable_if action=reinterpret pc=0x0000000002e6e1d4 method=java.util.ArrayDeque.addFirst(Ljava/lang/Object;)V @ 45
Event: 40.649 Thread 0x0000000016165000 Uncommon trap: reason=unstable_if action=reinterpret pc=0x0000000002ad3e54 method=java.util.concurrent.ConcurrentHashMap.computeIfAbsent(Ljava/lang/Object;Ljava/util/function/Function;)Ljava/lang/Object; @ 281
Event: 49.578 Thread 0x0000000016165000 Uncommon trap: reason=unstable_if action=reinterpret pc=0x000000000294d0c0 method=com.android.tools.r8.t.a.a.B.equals(Ljava/lang/Object;)Z @ 113

Classes redefined (0 events):
No events

Internal exceptions (10 events):
Event: 3.408 Thread 0x0000000002312800 Exception <a 'java/security/PrivilegedActionException'> (0x00000000ec3f4aa8) thrown at [D:\j\worksp~1\openjd~3\jdk8u\hotspot\src\share\vm\prims\jvm.cpp, line 1508]
Event: 3.408 Thread 0x0000000002312800 Exception <a 'java/security/PrivilegedActionException'> (0x00000000ec3f4cb8) thrown at [D:\j\worksp~1\openjd~3\jdk8u\hotspot\src\share\vm\prims\jvm.cpp, line 1508]
Event: 3.409 Thread 0x0000000002312800 Exception <a 'java/security/PrivilegedActionException'> (0x00000000ec3f63f8) thrown at [D:\j\worksp~1\openjd~3\jdk8u\hotspot\src\share\vm\prims\jvm.cpp, line 1508]
Event: 3.409 Thread 0x0000000002312800 Exception <a 'java/security/PrivilegedActionException'> (0x00000000ec3f6608) thrown at [D:\j\worksp~1\openjd~3\jdk8u\hotspot\src\share\vm\prims\jvm.cpp, line 1508]
Event: 3.519 Thread 0x0000000002312800 Implicit null exception at 0x000000000266ddaa to 0x000000000266e415
Event: 3.599 Thread 0x0000000002312800 Implicit null exception at 0x0000000002669389 to 0x0000000002669845
Event: 6.815 Thread 0x0000000016165000 Implicit null exception at 0x00000000027c564a to 0x00000000027c6873
Event: 7.304 Thread 0x0000000016165000 Exception <a 'java/lang/NoSuchMethodError': java.lang.Object.lambda$comparingInt$7b0bb60$1(Ljava/util/function/ToIntFunction;Ljava/lang/Object;Ljava/lang/Object;)I> (0x00000000ee9698c0) thrown at [D:\j\worksp~1\openjd~3\jdk8u\hotspot\src\share\vm\interpre
Event: 7.308 Thread 0x0000000016165000 Exception <a 'java/lang/NoSuchMethodError': java.lang.Object.lambda$maxBy$1(Ljava/util/Comparator;Ljava/lang/Object;Ljava/lang/Object;)Ljava/lang/Object;> (0x00000000ee975948) thrown at [D:\j\worksp~1\openjd~3\jdk8u\hotspot\src\share\vm\interpreter\linkRe
Event: 7.650 Thread 0x0000000016165000 Implicit null exception at 0x00000000028b9071 to 0x00000000028b9295

Events (10 events):
Event: 50.287 Thread 0x0000000016165800 DEOPT PACKING pc=0x0000000002a6ab67 sp=0x0000000016acedc0
Event: 50.287 Thread 0x0000000016165800 DEOPT UNPACKING pc=0x00000000024571d0 sp=0x0000000016aceae0 mode 0
Event: 50.311 Thread 0x0000000016165800 DEOPT PACKING pc=0x000000000259ed36 sp=0x0000000016ace380
Event: 50.311 Thread 0x0000000016165800 DEOPT UNPACKING pc=0x00000000024571d0 sp=0x0000000016ace098 mode 0
Event: 50.684 Thread 0x0000000016165800 DEOPT PACKING pc=0x0000000002c61ef0 sp=0x0000000016ace970
Event: 50.684 Thread 0x0000000016165800 DEOPT UNPACKING pc=0x00000000024571d0 sp=0x0000000016ace828 mode 0
Event: 50.772 Thread 0x0000000016165000 DEOPT PACKING pc=0x00000000031449a5 sp=0x00000000169ce4d0
Event: 50.772 Thread 0x0000000016165000 DEOPT UNPACKING pc=0x00000000024571d0 sp=0x00000000169ce4e0 mode 0
Event: 50.971 Executing VM operation: ParallelGCFailedAllocation
Event: 51.180 Executing VM operation: ParallelGCFailedAllocation done


Dynamic libraries:
0x00007ff68bd60000 - 0x00007ff68bd95000 	C:\Program Files\Android\Jdk\microsoft_dist_openjdk_1.8.0.25\bin\java.exe
0x00007ffe9fc40000 - 0x00007ffe9fe30000 	C:\WINDOWS\SYSTEM32\ntdll.dll
0x00007ffe9fae0000 - 0x00007ffe9fb92000 	C:\WINDOWS\System32\KERNEL32.DLL
0x00007ffe9d570000 - 0x00007ffe9d813000 	C:\WINDOWS\System32\KERNELBASE.dll
0x00007ffe9de00000 - 0x00007ffe9dea3000 	C:\WINDOWS\System32\ADVAPI32.dll
0x00007ffe9f5f0000 - 0x00007ffe9f68e000 	C:\WINDOWS\System32\msvcrt.dll
0x00007ffe9f990000 - 0x00007ffe9fa27000 	C:\WINDOWS\System32\sechost.dll
0x00007ffe9ead0000 - 0x00007ffe9ebf0000 	C:\WINDOWS\System32\RPCRT4.dll
0x00007ffe9e930000 - 0x00007ffe9eac4000 	C:\WINDOWS\System32\USER32.dll
0x00007ffe9d8c0000 - 0x00007ffe9d8e1000 	C:\WINDOWS\System32\win32u.dll
0x00007ffe9ddd0000 - 0x00007ffe9ddf6000 	C:\WINDOWS\System32\GDI32.dll
0x00007ffe9d370000 - 0x00007ffe9d504000 	C:\WINDOWS\System32\gdi32full.dll
0x00007ffe9d820000 - 0x00007ffe9d8be000 	C:\WINDOWS\System32\msvcp_win.dll
0x00007ffe9dbf0000 - 0x00007ffe9dcea000 	C:\WINDOWS\System32\ucrtbase.dll
0x00007ffe89e40000 - 0x00007ffe8a0c5000 	C:\WINDOWS\WinSxS\amd64_microsoft.windows.common-controls_6595b64144ccf1df_6.0.18362.778_none_e6c6b761130d4fb8\COMCTL32.dll
0x00007ffe9ecd0000 - 0x00007ffe9f006000 	C:\WINDOWS\System32\combase.dll
0x00007ffe9db70000 - 0x00007ffe9dbf0000 	C:\WINDOWS\System32\bcryptPrimitives.dll
0x00007ffe9dcf0000 - 0x00007ffe9dd1e000 	C:\WINDOWS\System32\IMM32.DLL
0x0000000071f70000 - 0x0000000072041000 	C:\Program Files\Android\Jdk\microsoft_dist_openjdk_1.8.0.25\jre\bin\msvcr100.dll
0x0000000071720000 - 0x0000000071f65000 	C:\Program Files\Android\Jdk\microsoft_dist_openjdk_1.8.0.25\jre\bin\server\jvm.dll
0x00007ffe9f690000 - 0x00007ffe9f698000 	C:\WINDOWS\System32\PSAPI.DLL
0x00007ffe8b960000 - 0x00007ffe8b969000 	C:\WINDOWS\SYSTEM32\WSOCK32.dll
0x00007ffe9f850000 - 0x00007ffe9f8bf000 	C:\WINDOWS\System32\WS2_32.dll
0x00007ffe9a940000 - 0x00007ffe9a964000 	C:\WINDOWS\SYSTEM32\WINMM.dll
0x00007ffe91160000 - 0x00007ffe9116a000 	C:\WINDOWS\SYSTEM32\VERSION.dll
0x00007ffe9a910000 - 0x00007ffe9a93d000 	C:\WINDOWS\SYSTEM32\winmmbase.dll
0x00007ffe9db20000 - 0x00007ffe9db6a000 	C:\WINDOWS\System32\cfgmgr32.dll
0x00007ffe8ea80000 - 0x00007ffe8ea8f000 	C:\Program Files\Android\Jdk\microsoft_dist_openjdk_1.8.0.25\jre\bin\verify.dll
0x00007ffe84b20000 - 0x00007ffe84b49000 	C:\Program Files\Android\Jdk\microsoft_dist_openjdk_1.8.0.25\jre\bin\java.dll
0x00007ffe89b10000 - 0x00007ffe89b26000 	C:\Program Files\Android\Jdk\microsoft_dist_openjdk_1.8.0.25\jre\bin\zip.dll
0x00007ffe9deb0000 - 0x00007ffe9e595000 	C:\WINDOWS\System32\SHELL32.dll
0x00007ffe9dd20000 - 0x00007ffe9ddc9000 	C:\WINDOWS\System32\shcore.dll
0x00007ffe9cbd0000 - 0x00007ffe9d350000 	C:\WINDOWS\System32\windows.storage.dll
0x00007ffe9cba0000 - 0x00007ffe9cbc3000 	C:\WINDOWS\System32\profapi.dll
0x00007ffe9cb10000 - 0x00007ffe9cb5a000 	C:\WINDOWS\System32\powrprof.dll
0x00007ffe9cb00000 - 0x00007ffe9cb10000 	C:\WINDOWS\System32\UMPDC.dll
0x00007ffe9f570000 - 0x00007ffe9f5c2000 	C:\WINDOWS\System32\shlwapi.dll
0x00007ffe9cb60000 - 0x00007ffe9cb71000 	C:\WINDOWS\System32\kernel.appcore.dll
0x00007ffe9d350000 - 0x00007ffe9d367000 	C:\WINDOWS\System32\cryptsp.dll
0x00007ffe84b00000 - 0x00007ffe84b1a000 	C:\Program Files\Android\jdk\microsoft_dist_openjdk_1.8.0.25\jre\bin\net.dll
0x00007ffe9c310000 - 0x00007ffe9c377000 	C:\WINDOWS\system32\mswsock.dll
0x00007ffe848f0000 - 0x00007ffe84901000 	C:\Program Files\Android\jdk\microsoft_dist_openjdk_1.8.0.25\jre\bin\nio.dll

VM Arguments:
jvm_args: -Xmx1G 
java_command: com.android.tools.r8.D8 --debug --min-api 21 --output obj\Debug\90\android\bin --lib C:\Program Files (x86)\Android\android-sdk\platforms\android-28\android.jar obj\Debug\90\android\bin\classes.zip C:\Program Files (x86)\Microsoft Visual Studio\2019\Community\Common7\IDE\ReferenceAssemblies\Microsoft\Framework\MonoAndroid\v9.0\mono.android.jar C:\Program Files (x86)\Microsoft Visual Studio\2019\Community\MSBuild\Xamarin\Android\java_runtime_fastdev.jar obj\Debug\90\lp\0\jl\formsviewgroup.jar obj\Debug\90\lp\6\jl\android.arch.core.common.jar obj\Debug\90\lp\7\jl\bin\classes.jar obj\Debug\90\lp\8\jl\android.arch.lifecycle.common.jar obj\Debug\90\lp\9\jl\bin\classes.jar obj\Debug\90\lp\10\jl\bin\classes.jar obj\Debug\90\lp\11\jl\bin\classes.jar obj\Debug\90\lp\12\jl\bin\classes.jar obj\Debug\90\lp\13\jl\bin\classes.jar obj\Debug\90\lp\14\jl\com.android.support.support-annotations.jar obj\Debug\90\lp\15\jl\bin\classes.jar obj\Debug\90\lp\16\jl\com.android.support.collections.jar obj\Debug\90\lp\17\jl\bin\classes.jar obj\Debug\90\lp\18\jl\bin\classes.jar obj\Debug\90\lp\19\jl\bin\classes.jar obj\Debug\90\lp\20\jl\bin\classes.jar obj\Debug\90\lp\21\jl\bin\classes.jar obj\Debug\90\lp\22\jl\bin\classes.jar obj\Debug\90\lp\23\jl\bin\classes.jar obj\Debug\90\lp\24\jl\bin\classes.jar obj\Debug\90\lp\25\jl\bin\classes.jar obj\Debug\90\lp\26\jl\bin\classes.jar obj\Debug\90\lp\27\jl\bin\classes.jar obj\Debug\90\lp\28\jl\bin\classes.jar obj\Debug\90\lp\29\jl\bin\classes.jar obj\Debug\90\lp\30\jl\bin\classes.jar obj\Debug\90\lp\31\jl\bin\classes.jar obj\Debug\90\lp\32\jl\bin\classes.jar obj\Debug\90\lp\33\jl\bin\classes.jar obj\Debug\90\lp\34\jl\bin\classes.jar obj\Debug\90\lp\35\jl\bin\classes.jar obj\Debug\90\lp\37\jl\bin\classes.jar obj\Debug\90\lp\38\jl\bin\classes.jar obj\Debug\90\lp\39\jl\bin\classes.jar obj\Debug\90\lp\40\jl\bin\classes.jar obj\Debug\90\lp\41\jl\bin\classes.jar obj\Debug\90\lp\42\jl\bin\classes.jar
java_class_path (initial): C:\Program Files (x86)\Microsoft Visual Studio\2019\Community\MSBuild\Xamarin\Android\r8.jar
Launcher Type: SUN_STANDARD

Environment Variables:
JAVA_HOME=C:\Program Files\Android\Jdk\microsoft_dist_openjdk_1.8.0.25
PATH=C:\Program Files\Android\Jdk\microsoft_dist_openjdk_1.8.0.25\bin;C:\Program Files (x86)\Common Files\Oracle\Java\javapath;C:\Program Files (x86)\Intel\TXE Components\TCS\;C:\Program Files\Intel\TXE Components\TCS\;C:\WINDOWS\system32;C:\WINDOWS;C:\WINDOWS\System32\Wbem;C:\WINDOWS\System32\WindowsPowerShell\v1.0\;C:\Program Files (x86)\Skype\Phone\;C:\WINDOWS\System32\OpenSSH\;C:\Program Files (x86)\Brackets\command;C:\Program Files\Azure Data Studio\bin;C:\Program Files (x86)\Microsoft SQL Server\Client SDK\ODBC\130\Tools\Binn\;C:\Program Files (x86)\Microsoft SQL Server\140\Tools\Binn\;C:\Program Files (x86)\Microsoft SQL Server\140\DTS\Binn\;C:\Program Files (x86)\Microsoft SQL Server\140\Tools\Binn\ManagementStudio\;C:\Program Files\dotnet\;C:\Program Files\Microsoft SQL Server\130\Tools\Binn\;C:\Program Files\Microsoft SQL Server\Client SDK\ODBC\170\Tools\Binn\;C:\Program Files\Git\cmd;C:\Users\ik\AppData\Local\Microsoft\WindowsApps;;C:\Program Files\Azure Data Studio\bin;C:\Users\ik\.dotnet\tools;%USERPROFILE%\AppData\Local\Microsoft\WindowsApps
USERNAME=ik
OS=Windows_NT
PROCESSOR_IDENTIFIER=Intel64 Family 6 Model 55 Stepping 8, GenuineIntel



---------------  S Y S T E M  ---------------

OS: Windows 10.0 , 64 bit Build 18362 (10.0.18362.778)

CPU:total 2 (initial active 2) (2 cores per cpu, 1 threads per core) family 6 model 55 stepping 8, cmov, cx8, fxsr, mmx, sse, sse2, sse3, ssse3, sse4.1, sse4.2, popcnt, clmul, erms, 3dnowpref, tsc, tscinvbit

Memory: 4k page, physical 8272776k(1655140k free), swap 11856776k(5796k free)

vm_info: OpenJDK 64-Bit Server VM (25.71-b00) for windows-amd64 JRE (1.8.0-25-microsoft-b00), built on Feb  7 2019 20:09:14 by "builder" with MS VC++ 10.0 (VS2010)

time: Tue Apr 28 00:23:16 2020
timezone: Pacific Daylight Time
elapsed time: 51 seconds (0d 0h 0m 51s)

