#
# There is insufficient memory for the Java Runtime Environment to continue.
# Native memory allocation (malloc) failed to allocate 32744 bytes for ChunkPool::allocate
# Possible reasons:
#   The system is out of physical RAM or swap space
#   The process is running with CompressedOops enabled, and the Java Heap may be blocking the growth of the native heap
# Possible solutions:
#   Reduce memory load on the system
#   Increase physical memory or swap space
#   Check if swap backing store is full
#   Decrease Java heap size (-Xmx/-Xms)
#   Decrease number of Java threads
#   Decrease Java thread stack sizes (-Xss)
#   Set larger code cache with -XX:ReservedCodeCacheSize=
#   JVM is running with Unscaled Compressed Oops mode in which the Java heap is
#     placed in the first 4GB address space. The Java Heap base address is the
#     maximum limit for the native heap growth. Please use -XX:HeapBaseMinAddress
#     to set the Java Heap base and to place the Java Heap above 4GB virtual address.
# This output file may be truncated or incomplete.
#
#  Out of Memory Error (allocation.cpp:272), pid=13744, tid=0x0000000000002690
#
# JRE version: OpenJDK Runtime Environment (8.0) (build 1.8.0-25-microsoft-b00)
# Java VM: OpenJDK 64-Bit Server VM (25.71-b00 mixed mode windows-amd64 compressed oops)
# Failed to write core dump. Minidumps are not enabled by default on client versions of Windows
#

---------------  T H R E A D  ---------------

Current thread (0x0000000016cbe800):  JavaThread "C1 CompilerThread1" daemon [_thread_in_native, id=9872, stack(0x0000000017e10000,0x0000000017f10000)]

Stack: [0x0000000017e10000,0x0000000017f10000]
[error occurred during error reporting (printing stack bounds), id 0xc0000005]

Native frames: (J=compiled Java code, j=interpreted, Vv=VM code, C=native code)


Current CompileTask:
C1:   1348  123       3       sun.nio.cs.UTF_8$Decoder::decode (779 bytes)


---------------  P R O C E S S  ---------------

Java Threads: ( => current thread )
  0x0000000016d1e000 JavaThread "Service Thread" daemon [_thread_blocked, id=432, stack(0x0000000017f10000,0x0000000018010000)]
=>0x0000000016cbe800 JavaThread "C1 CompilerThread1" daemon [_thread_in_native, id=9872, stack(0x0000000017e10000,0x0000000017f10000)]
  0x0000000016cbc800 JavaThread "C2 CompilerThread0" daemon [_thread_blocked, id=12028, stack(0x0000000017d10000,0x0000000017e10000)]
  0x0000000016cbb000 JavaThread "Attach Listener" daemon [_thread_blocked, id=7384, stack(0x0000000017c10000,0x0000000017d10000)]
  0x0000000016cb7800 JavaThread "Signal Dispatcher" daemon [_thread_blocked, id=13092, stack(0x0000000017b10000,0x0000000017c10000)]
  0x00000000023c2800 JavaThread "Finalizer" daemon [_thread_blocked, id=17040, stack(0x0000000017910000,0x0000000017a10000)]
  0x0000000016ca7000 JavaThread "Reference Handler" daemon [_thread_blocked, id=8220, stack(0x0000000017810000,0x0000000017910000)]
  0x000000000055e000 JavaThread "main" [_thread_in_Java, id=12216, stack(0x00000000021d0000,0x00000000022d0000)]

Other Threads:
  0x0000000016c85800 VMThread [stack: 0x0000000017710000,0x0000000017810000] [id=416]
  0x0000000016d21000 WatcherThread [stack: 0x0000000018010000,0x0000000018110000] [id=11336]

VM state:not at safepoint (normal execution)

VM Mutex/Monitor currently owned by a thread: None

heap address: 0x0000000081c00000, size: 2020 MB, Compressed Oops mode: 32-bit
Narrow klass base: 0x0000000000000000, Narrow klass shift: 3
Compressed class space size: 1073741824 Address: 0x0000000100000000

Heap:
 PSYoungGen      total 2048K, used 1450K [0x00000000d5f00000, 0x00000000d6180000, 0x0000000100000000)
  eden space 1536K, 63% used [0x00000000d5f00000,0x00000000d5ff2a70,0x00000000d6080000)
  from space 512K, 93% used [0x00000000d6080000,0x00000000d60f8020,0x00000000d6100000)
  to   space 512K, 0% used [0x00000000d6100000,0x00000000d6100000,0x00000000d6180000)
 ParOldGen       total 5632K, used 0K [0x0000000081c00000, 0x0000000082180000, 0x00000000d5f00000)
  object space 5632K, 0% used [0x0000000081c00000,0x0000000081c00000,0x0000000082180000)
 Metaspace       used 3693K, capacity 5164K, committed 5376K, reserved 1056768K
  class space    used 421K, capacity 488K, committed 512K, reserved 1048576K

Card table byte_map: [0x0000000011790000,0x0000000011b90000] byte_map_base: 0x0000000011382000

Marking Bits: (ParMarkBitMap*) 0x0000000057708f30
 Begin Bits: [0x0000000012040000, 0x0000000013fd0000)
 End Bits:   [0x0000000013fd0000, 0x0000000015f60000)

Polling page: 0x0000000000520000

CodeCache: size=245760Kb used=1306Kb max_used=1315Kb free=244453Kb
 bounds [0x00000000023d0000, 0x0000000002640000, 0x00000000113d0000]
 total_blobs=360 nmethods=122 adapters=153
 compilation: enabled

Compilation events (10 events):
Event: 1.164 Thread 0x0000000016cbe800 nmethod 117 0x0000000002513510 code [0x00000000025136c0, 0x0000000002513ed8]
Event: 1.264 Thread 0x0000000016cbe800  118       3       java.nio.DirectLongBufferU::put (18 bytes)
Event: 1.264 Thread 0x0000000016cbe800 nmethod 118 0x0000000002514250 code [0x00000000025143c0, 0x0000000002514630]
Event: 1.265 Thread 0x0000000016cbe800  119       3       sun.net.www.ParseUtil::encodePath (336 bytes)
Event: 1.267 Thread 0x0000000016cbe800 nmethod 119 0x0000000002514750 code [0x00000000025149c0, 0x00000000025159d8]
Event: 1.285 Thread 0x0000000016cbc800  120       4       java.util.concurrent.ConcurrentHashMap::setTabAt (19 bytes)
Event: 1.286 Thread 0x0000000016cbe800  122   !   3       java.lang.ref.ReferenceQueue::poll (28 bytes)
Event: 1.286 Thread 0x0000000016cbc800 nmethod 120 0x0000000002509f10 code [0x000000000250a040, 0x000000000250a0b8]
Event: 1.286 Thread 0x0000000016cbe800 nmethod 122 0x0000000002518b90 code [0x0000000002518d00, 0x0000000002519068]
Event: 1.296 Thread 0x0000000016cbe800  123       3       sun.nio.cs.UTF_8$Decoder::decode (779 bytes)

GC Heap History (2 events):
Event: 1.079 GC heap before
{Heap before GC invocations=1 (full 0):
 PSYoungGen      total 2048K, used 1536K [0x00000000d5f00000, 0x00000000d6180000, 0x0000000100000000)
  eden space 1536K, 100% used [0x00000000d5f00000,0x00000000d6080000,0x00000000d6080000)
  from space 512K, 0% used [0x00000000d6100000,0x00000000d6100000,0x00000000d6180000)
  to   space 512K, 0% used [0x00000000d6080000,0x00000000d6080000,0x00000000d6100000)
 ParOldGen       total 5632K, used 0K [0x0000000081c00000, 0x0000000082180000, 0x00000000d5f00000)
  object space 5632K, 0% used [0x0000000081c00000,0x0000000081c00000,0x0000000082180000)
 Metaspace       used 3191K, capacity 4812K, committed 5120K, reserved 1056768K
  class space    used 360K, capacity 456K, committed 512K, reserved 1048576K
Event: 1.085 GC heap after
Heap after GC invocations=1 (full 0):
 PSYoungGen      total 2048K, used 480K [0x00000000d5f00000, 0x00000000d6180000, 0x0000000100000000)
  eden space 1536K, 0% used [0x00000000d5f00000,0x00000000d5f00000,0x00000000d6080000)
  from space 512K, 93% used [0x00000000d6080000,0x00000000d60f8020,0x00000000d6100000)
  to   space 512K, 0% used [0x00000000d6100000,0x00000000d6100000,0x00000000d6180000)
 ParOldGen       total 5632K, used 0K [0x0000000081c00000, 0x0000000082180000, 0x00000000d5f00000)
  object space 5632K, 0% used [0x0000000081c00000,0x0000000081c00000,0x0000000082180000)
 Metaspace       used 3191K, capacity 4812K, committed 5120K, reserved 1056768K
  class space    used 360K, capacity 456K, committed 512K, reserved 1048576K
}

Deoptimization events (0 events):
No events

Classes redefined (0 events):
No events

Internal exceptions (10 events):
Event: 0.275 Thread 0x000000000055e000 Exception <a 'java/lang/NoSuchMethodError': Method sun.misc.Unsafe.defineClass(Ljava/lang/String;[BII)Ljava/lang/Class; name or signature does not match> (0x00000000d5f07cd8) thrown at [D:\j\worksp~1\openjd~3\jdk8u\hotspot\src\share\vm\prims\jni.cpp, line
Event: 0.275 Thread 0x000000000055e000 Exception <a 'java/lang/NoSuchMethodError': Method sun.misc.Unsafe.prefetchRead(Ljava/lang/Object;J)V name or signature does not match> (0x00000000d5f07fc0) thrown at [D:\j\worksp~1\openjd~3\jdk8u\hotspot\src\share\vm\prims\jni.cpp, line 4012]
Event: 1.064 Thread 0x000000000055e000 Exception <a 'java/security/PrivilegedActionException'> (0x00000000d60755f8) thrown at [D:\j\worksp~1\openjd~3\jdk8u\hotspot\src\share\vm\prims\jvm.cpp, line 1508]
Event: 1.064 Thread 0x000000000055e000 Exception <a 'java/security/PrivilegedActionException'> (0x00000000d60759f0) thrown at [D:\j\worksp~1\openjd~3\jdk8u\hotspot\src\share\vm\prims\jvm.cpp, line 1508]
Event: 1.067 Thread 0x000000000055e000 Exception <a 'java/security/PrivilegedActionException'> (0x00000000d6079ef8) thrown at [D:\j\worksp~1\openjd~3\jdk8u\hotspot\src\share\vm\prims\jvm.cpp, line 1508]
Event: 1.067 Thread 0x000000000055e000 Exception <a 'java/security/PrivilegedActionException'> (0x00000000d607a2f0) thrown at [D:\j\worksp~1\openjd~3\jdk8u\hotspot\src\share\vm\prims\jvm.cpp, line 1508]
Event: 1.068 Thread 0x000000000055e000 Exception <a 'java/security/PrivilegedActionException'> (0x00000000d607bc18) thrown at [D:\j\worksp~1\openjd~3\jdk8u\hotspot\src\share\vm\prims\jvm.cpp, line 1508]
Event: 1.068 Thread 0x000000000055e000 Exception <a 'java/security/PrivilegedActionException'> (0x00000000d607c010) thrown at [D:\j\worksp~1\openjd~3\jdk8u\hotspot\src\share\vm\prims\jvm.cpp, line 1508]
Event: 1.097 Thread 0x000000000055e000 Exception <a 'java/security/PrivilegedActionException'> (0x00000000d5f092d0) thrown at [D:\j\worksp~1\openjd~3\jdk8u\hotspot\src\share\vm\prims\jvm.cpp, line 1508]
Event: 1.097 Thread 0x000000000055e000 Exception <a 'java/security/PrivilegedActionException'> (0x00000000d5f326b0) thrown at [D:\j\worksp~1\openjd~3\jdk8u\hotspot\src\share\vm\prims\jvm.cpp, line 1508]

Events (10 events):
Event: 1.292 loading class com/sun/source/util/Plugin
Event: 1.292 loading class com/sun/source/util/Plugin done
Event: 1.293 loading class com/sun/tools/doclint/DocLint$BadArgs
Event: 1.293 loading class com/sun/tools/doclint/DocLint$BadArgs done
Event: 1.295 loading class com/sun/tools/doclint/DocLint$DeclScanner
Event: 1.295 loading class com/sun/tools/doclint/DocLint$DeclScanner done
Event: 1.296 loading class com/sun/source/util/TreePathScanner
Event: 1.296 loading class com/sun/source/util/TreePathScanner done
Event: 1.310 loading class com/sun/source/util/TreeScanner
Event: 1.310 loading class com/sun/source/util/TreeScanner done


Dynamic libraries:
0x00007ff736970000 - 0x00007ff736977000 	C:\Program Files\Android\Jdk\microsoft_dist_openjdk_1.8.0.25\bin\javac.exe
0x00007ffd13940000 - 0x00007ffd13b30000 	C:\WINDOWS\SYSTEM32\ntdll.dll
0x00007ffd127f0000 - 0x00007ffd128a2000 	C:\WINDOWS\System32\KERNEL32.DLL
0x00007ffd10e60000 - 0x00007ffd11103000 	C:\WINDOWS\System32\KERNELBASE.dll
0x00007ffcf9a10000 - 0x00007ffcf9a3f000 	C:\Program Files\Android\Jdk\microsoft_dist_openjdk_1.8.0.25\bin\jli.dll
0x00007ffd12e80000 - 0x00007ffd12f23000 	C:\WINDOWS\System32\ADVAPI32.dll
0x00007ffd123b0000 - 0x00007ffd1244e000 	C:\WINDOWS\System32\msvcrt.dll
0x00007ffd12f30000 - 0x00007ffd12fc7000 	C:\WINDOWS\System32\sechost.dll
0x00007ffd13230000 - 0x00007ffd13350000 	C:\WINDOWS\System32\RPCRT4.dll
0x00007ffd13620000 - 0x00007ffd137b4000 	C:\WINDOWS\System32\USER32.dll
0x00007ffd11110000 - 0x00007ffd11131000 	C:\WINDOWS\System32\win32u.dll
0x00007ffd13350000 - 0x00007ffd13376000 	C:\WINDOWS\System32\GDI32.dll
0x00007ffd10cc0000 - 0x00007ffd10e54000 	C:\WINDOWS\System32\gdi32full.dll
0x00007ffd10ba0000 - 0x00007ffd10c3e000 	C:\WINDOWS\System32\msvcp_win.dll
0x00007ffd108d0000 - 0x00007ffd109ca000 	C:\WINDOWS\System32\ucrtbase.dll
0x0000000056db0000 - 0x0000000056e81000 	C:\Program Files\Android\Jdk\microsoft_dist_openjdk_1.8.0.25\bin\MSVCR100.dll
0x00007ffd066c0000 - 0x00007ffd06945000 	C:\WINDOWS\WinSxS\amd64_microsoft.windows.common-controls_6595b64144ccf1df_6.0.18362.778_none_e6c6b761130d4fb8\COMCTL32.dll
0x00007ffd124b0000 - 0x00007ffd127e6000 	C:\WINDOWS\System32\combase.dll
0x00007ffd10c40000 - 0x00007ffd10cc0000 	C:\WINDOWS\System32\bcryptPrimitives.dll
0x00007ffd135f0000 - 0x00007ffd1361e000 	C:\WINDOWS\System32\IMM32.DLL
0x0000000058db0000 - 0x0000000058e81000 	C:\Program Files\Android\Jdk\microsoft_dist_openjdk_1.8.0.25\jre\bin\msvcr100.dll
0x0000000056f40000 - 0x0000000057785000 	C:\Program Files\Android\Jdk\microsoft_dist_openjdk_1.8.0.25\jre\bin\server\jvm.dll
0x00007ffd11a10000 - 0x00007ffd11a18000 	C:\WINDOWS\System32\PSAPI.DLL
0x00007ffd04e30000 - 0x00007ffd04e39000 	C:\WINDOWS\SYSTEM32\WSOCK32.dll
0x00007ffd13160000 - 0x00007ffd131cf000 	C:\WINDOWS\System32\WS2_32.dll
0x00007ffd07c90000 - 0x00007ffd07cb4000 	C:\WINDOWS\SYSTEM32\WINMM.dll
0x00007ffd091c0000 - 0x00007ffd091ca000 	C:\WINDOWS\SYSTEM32\VERSION.dll
0x00007ffd07c60000 - 0x00007ffd07c8d000 	C:\WINDOWS\SYSTEM32\WINMMBASE.dll
0x00007ffd10b50000 - 0x00007ffd10b9a000 	C:\WINDOWS\System32\cfgmgr32.dll
0x00007ffd0acb0000 - 0x00007ffd0acbf000 	C:\Program Files\Android\Jdk\microsoft_dist_openjdk_1.8.0.25\jre\bin\verify.dll
0x00007ffcfa8b0000 - 0x00007ffcfa8d9000 	C:\Program Files\Android\Jdk\microsoft_dist_openjdk_1.8.0.25\jre\bin\java.dll
0x00007ffd06a90000 - 0x00007ffd06aa6000 	C:\Program Files\Android\Jdk\microsoft_dist_openjdk_1.8.0.25\jre\bin\zip.dll
0x00007ffd11a20000 - 0x00007ffd12105000 	C:\WINDOWS\System32\SHELL32.dll
0x00007ffd13540000 - 0x00007ffd135e9000 	C:\WINDOWS\System32\shcore.dll
0x00007ffd11250000 - 0x00007ffd119d0000 	C:\WINDOWS\System32\windows.storage.dll
0x00007ffd10850000 - 0x00007ffd10873000 	C:\WINDOWS\System32\profapi.dll
0x00007ffd10880000 - 0x00007ffd108ca000 	C:\WINDOWS\System32\powrprof.dll
0x00007ffd10800000 - 0x00007ffd10810000 	C:\WINDOWS\System32\UMPDC.dll
0x00007ffd131d0000 - 0x00007ffd13222000 	C:\WINDOWS\System32\shlwapi.dll
0x00007ffd10810000 - 0x00007ffd10821000 	C:\WINDOWS\System32\kernel.appcore.dll
0x00007ffd119d0000 - 0x00007ffd119e7000 	C:\WINDOWS\System32\cryptsp.dll

VM Arguments:
jvm_args: -Dapplication.home=C:\Program Files\Android\Jdk\microsoft_dist_openjdk_1.8.0.25 -Xms8m 
java_command: com.sun.tools.javac.Main -version
java_class_path (initial): C:\Program Files\Android\Jdk\microsoft_dist_openjdk_1.8.0.25/lib/tools.jar;C:\Program Files\Android\Jdk\microsoft_dist_openjdk_1.8.0.25/classes
Launcher Type: SUN_STANDARD

Environment Variables:
JAVA_HOME=C:\Program Files\Android\Jdk\microsoft_dist_openjdk_1.8.0.25
PATH=C:\Program Files\Android\Jdk\microsoft_dist_openjdk_1.8.0.25\bin;C:\Program Files (x86)\Common Files\Oracle\Java\javapath;C:\Program Files (x86)\Intel\TXE Components\TCS\;C:\Program Files\Intel\TXE Components\TCS\;C:\WINDOWS\system32;C:\WINDOWS;C:\WINDOWS\System32\Wbem;C:\WINDOWS\System32\WindowsPowerShell\v1.0\;C:\Program Files (x86)\Skype\Phone\;C:\WINDOWS\System32\OpenSSH\;C:\Program Files (x86)\Brackets\command;C:\Program Files\Azure Data Studio\bin;C:\Program Files (x86)\Microsoft SQL Server\Client SDK\ODBC\130\Tools\Binn\;C:\Program Files (x86)\Microsoft SQL Server\140\Tools\Binn\;C:\Program Files (x86)\Microsoft SQL Server\140\DTS\Binn\;C:\Program Files (x86)\Microsoft SQL Server\140\Tools\Binn\ManagementStudio\;C:\Program Files\dotnet\;C:\Program Files\Microsoft SQL Server\130\Tools\Binn\;C:\Program Files\Microsoft SQL Server\Client SDK\ODBC\170\Tools\Binn\;C:\Program Files\Git\cmd;C:\Users\ik\AppData\Local\Microsoft\WindowsApps;;C:\Program Files\Azure Data Studio\bin;C:\Users\ik\.dotnet\tools;%USERPROFILE%\AppData\Local\Microsoft\WindowsApps
USERNAME=ik
OS=Windows_NT
PROCESSOR_IDENTIFIER=Intel64 Family 6 Model 55 Stepping 8, GenuineIntel



---------------  S Y S T E M  ---------------

OS: Windows 10.0 , 64 bit Build 18362 (10.0.18362.778)

CPU:total 2 (initial active 2) (2 cores per cpu, 1 threads per core) family 6 model 55 stepping 8, cmov, cx8, fxsr, mmx, sse, sse2, sse3, ssse3, sse4.1, sse4.2, popcnt, clmul, erms, 3dnowpref, tsc, tscinvbit

Memory: 4k page, physical 8272776k(1322004k free), swap 11856776k(2656k free)

vm_info: OpenJDK 64-Bit Server VM (25.71-b00) for windows-amd64 JRE (1.8.0-25-microsoft-b00), built on Feb  7 2019 20:09:14 by "builder" with MS VC++ 10.0 (VS2010)

time: Fri Apr 24 19:55:56 2020
timezone: Pacific Daylight Time
elapsed time: 1 seconds (0d 0h 0m 1s)

