#
# There is insufficient memory for the Java Runtime Environment to continue.
# Native memory allocation (malloc) failed to allocate 46512 bytes for Chunk::new
# Possible reasons:
#   The system is out of physical RAM or swap space
#   The process is running with CompressedOops enabled, and the Java Heap may be blocking the growth of the native heap
# Possible solutions:
#   Reduce memory load on the system
#   Increase physical memory or swap space
#   Check if swap backing store is full
#   Decrease Java heap size (-Xmx/-Xms)
#   Decrease number of Java threads
#   Decrease Java thread stack sizes (-Xss)
#   Set larger code cache with -XX:ReservedCodeCacheSize=
#   JVM is running with Unscaled Compressed Oops mode in which the Java heap is
#     placed in the first 4GB address space. The Java Heap base address is the
#     maximum limit for the native heap growth. Please use -XX:HeapBaseMinAddress
#     to set the Java Heap base and to place the Java Heap above 4GB virtual address.
# This output file may be truncated or incomplete.
#
#  Out of Memory Error (allocation.cpp:389), pid=19072, tid=0x0000000000001630
#
# JRE version: OpenJDK Runtime Environment (8.0) (build 1.8.0-25-microsoft-b00)
# Java VM: OpenJDK 64-Bit Server VM (25.71-b00 mixed mode windows-amd64 compressed oops)
# Failed to write core dump. Minidumps are not enabled by default on client versions of Windows
#

---------------  T H R E A D  ---------------

Current thread (0x000000001493d000):  JavaThread "C2 CompilerThread0" daemon [_thread_in_native, id=5680, stack(0x0000000015970000,0x0000000015a70000)]

Stack: [0x0000000015970000,0x0000000015a70000]
[error occurred during error reporting (printing stack bounds), id 0xc0000005]

Native frames: (J=compiled Java code, j=interpreted, Vv=VM code, C=native code)


Current CompileTask:
C2:  47246 4388 %     4       com.android.tools.r8.t.a.a.f::a @ 2007 (4166 bytes)


---------------  P R O C E S S  ---------------

Java Threads: ( => current thread )
  0x0000000016136800 JavaThread "ForkJoinPool-1-worker-0" daemon [_thread_in_Java, id=18132, stack(0x0000000016a70000,0x0000000016b70000)]
  0x0000000016136000 JavaThread "ForkJoinPool-1-worker-1" daemon [_thread_in_Java, id=19672, stack(0x0000000016970000,0x0000000016a70000)]
  0x00000000149af800 JavaThread "Service Thread" daemon [_thread_blocked, id=9116, stack(0x0000000015b70000,0x0000000015c70000)]
  0x0000000014942800 JavaThread "C1 CompilerThread1" daemon [_thread_blocked, id=5668, stack(0x0000000015a70000,0x0000000015b70000)]
=>0x000000001493d000 JavaThread "C2 CompilerThread0" daemon [_thread_in_native, id=5680, stack(0x0000000015970000,0x0000000015a70000)]
  0x000000001493b800 JavaThread "Attach Listener" daemon [_thread_blocked, id=18016, stack(0x0000000015870000,0x0000000015970000)]
  0x0000000014936800 JavaThread "Signal Dispatcher" daemon [_thread_blocked, id=16100, stack(0x0000000015770000,0x0000000015870000)]
  0x00000000024a7000 JavaThread "Finalizer" daemon [_thread_blocked, id=18128, stack(0x0000000015570000,0x0000000015670000)]
  0x0000000014927000 JavaThread "Reference Handler" daemon [_thread_blocked, id=14184, stack(0x0000000015470000,0x0000000015570000)]
  0x00000000023b2800 JavaThread "main" [_thread_blocked, id=5972, stack(0x00000000022b0000,0x00000000023b0000)]

Other Threads:
  0x0000000014905800 VMThread [stack: 0x0000000015370000,0x0000000015470000] [id=20084]
  0x00000000149ba000 WatcherThread [stack: 0x0000000015c70000,0x0000000015d70000] [id=19016]

VM state:not at safepoint (normal execution)

VM Mutex/Monitor currently owned by a thread: None

heap address: 0x00000000c0000000, size: 1024 MB, Compressed Oops mode: 32-bit
Narrow klass base: 0x0000000000000000, Narrow klass shift: 3
Compressed class space size: 1073741824 Address: 0x0000000100000000

Heap:
 PSYoungGen      total 114176K, used 83604K [0x00000000eab00000, 0x00000000f3480000, 0x0000000100000000)
  eden space 102400K, 79% used [0x00000000eab00000,0x00000000efa6d170,0x00000000f0f00000)
  from space 11776K, 19% used [0x00000000f0f00000,0x00000000f1138000,0x00000000f1a80000)
  to   space 11264K, 0% used [0x00000000f2980000,0x00000000f2980000,0x00000000f3480000)
 ParOldGen       total 87552K, used 51405K [0x00000000c0000000, 0x00000000c5580000, 0x00000000eab00000)
  object space 87552K, 58% used [0x00000000c0000000,0x00000000c3233568,0x00000000c5580000)
 Metaspace       used 14980K, capacity 15638K, committed 15872K, reserved 1062912K
  class space    used 1766K, capacity 1929K, committed 2048K, reserved 1048576K

Card table byte_map: [0x0000000011870000,0x0000000011a80000] byte_map_base: 0x0000000011270000

Marking Bits: (ParMarkBitMap*) 0x0000000071ee8f30
 Begin Bits: [0x0000000011de0000, 0x0000000012de0000)
 End Bits:   [0x0000000012de0000, 0x0000000013de0000)

Polling page: 0x0000000000690000

CodeCache: size=245760Kb used=14557Kb max_used=15195Kb free=231202Kb
 bounds [0x00000000024b0000, 0x00000000033e0000, 0x00000000114b0000]
 total_blobs=4021 nmethods=3678 adapters=256
 compilation: enabled

Compilation events (10 events):
Event: 45.910 Thread 0x0000000014942800 4413       2       com.android.tools.r8.n.a.a.a.g.P::a (6 bytes)
Event: 45.910 Thread 0x0000000014942800 nmethod 4413 0x0000000003041fd0 code [0x0000000003042120, 0x0000000003042270]
Event: 45.911 Thread 0x0000000014942800 4414       2       com.android.tools.r8.n.a.a.a.g.P::j (16 bytes)
Event: 45.911 Thread 0x0000000014942800 nmethod 4414 0x00000000029e2990 code [0x00000000029e2ae0, 0x00000000029e2c50]
Event: 46.476 Thread 0x0000000014942800 4417       1       com.android.tools.r8.ir.conversion.F::d (5 bytes)
Event: 46.477 Thread 0x0000000014942800 nmethod 4417 0x0000000002a0a310 code [0x0000000002a0a460, 0x0000000002a0a570]
Event: 46.714 Thread 0x0000000014942800 4418       2       com.android.tools.r8.ir.code.InstanceOf::a (4 bytes)
Event: 46.715 Thread 0x0000000014942800 nmethod 4418 0x0000000002ac4f10 code [0x0000000002ac5060, 0x0000000002ac51b0]
Event: 47.187 Thread 0x0000000014942800 4420       2       com.android.tools.r8.ir.regalloc.LinearScanRegisterAllocator::a (37 bytes)
Event: 47.188 Thread 0x0000000014942800 nmethod 4420 0x00000000028e2e90 code [0x00000000028e3020, 0x00000000028e3288]

GC Heap History (10 events):
Event: 39.223 GC heap before
{Heap before GC invocations=26 (full 1):
 PSYoungGen      total 90624K, used 79536K [0x00000000eab00000, 0x00000000f1200000, 0x0000000100000000)
  eden space 75264K, 100% used [0x00000000eab00000,0x00000000ef480000,0x00000000ef480000)
  from space 15360K, 27% used [0x00000000f0300000,0x00000000f072c010,0x00000000f1200000)
  to   space 14848K, 0% used [0x00000000ef480000,0x00000000ef480000,0x00000000f0300000)
 ParOldGen       total 87552K, used 40664K [0x00000000c0000000, 0x00000000c5580000, 0x00000000eab00000)
  object space 87552K, 46% used [0x00000000c0000000,0x00000000c27b62d8,0x00000000c5580000)
 Metaspace       used 14961K, capacity 15638K, committed 15872K, reserved 1062912K
  class space    used 1764K, capacity 1929K, committed 2048K, reserved 1048576K
Event: 39.267 GC heap after
Heap after GC invocations=26 (full 1):
 PSYoungGen      total 90112K, used 4736K [0x00000000eab00000, 0x00000000f1c00000, 0x0000000100000000)
  eden space 75264K, 0% used [0x00000000eab00000,0x00000000eab00000,0x00000000ef480000)
  from space 14848K, 31% used [0x00000000ef480000,0x00000000ef920000,0x00000000f0300000)
  to   space 13824K, 0% used [0x00000000f0e80000,0x00000000f0e80000,0x00000000f1c00000)
 ParOldGen       total 87552K, used 42040K [0x00000000c0000000, 0x00000000c5580000, 0x00000000eab00000)
  object space 87552K, 48% used [0x00000000c0000000,0x00000000c290e2e8,0x00000000c5580000)
 Metaspace       used 14961K, capacity 15638K, committed 15872K, reserved 1062912K
  class space    used 1764K, capacity 1929K, committed 2048K, reserved 1048576K
}
Event: 40.660 GC heap before
{Heap before GC invocations=27 (full 1):
 PSYoungGen      total 90112K, used 80000K [0x00000000eab00000, 0x00000000f1c00000, 0x0000000100000000)
  eden space 75264K, 100% used [0x00000000eab00000,0x00000000ef480000,0x00000000ef480000)
  from space 14848K, 31% used [0x00000000ef480000,0x00000000ef920000,0x00000000f0300000)
  to   space 13824K, 0% used [0x00000000f0e80000,0x00000000f0e80000,0x00000000f1c00000)
 ParOldGen       total 87552K, used 42040K [0x00000000c0000000, 0x00000000c5580000, 0x00000000eab00000)
  object space 87552K, 48% used [0x00000000c0000000,0x00000000c290e2e8,0x00000000c5580000)
 Metaspace       used 14961K, capacity 15638K, committed 15872K, reserved 1062912K
  class space    used 1764K, capacity 1929K, committed 2048K, reserved 1048576K
Event: 40.695 GC heap after
Heap after GC invocations=27 (full 1):
 PSYoungGen      total 100864K, used 4064K [0x00000000eab00000, 0x00000000f1b00000, 0x0000000100000000)
  eden space 88064K, 0% used [0x00000000eab00000,0x00000000eab00000,0x00000000f0100000)
  from space 12800K, 31% used [0x00000000f0e80000,0x00000000f1278000,0x00000000f1b00000)
  to   space 13312K, 0% used [0x00000000f0100000,0x00000000f0100000,0x00000000f0e00000)
 ParOldGen       total 87552K, used 43960K [0x00000000c0000000, 0x00000000c5580000, 0x00000000eab00000)
  object space 87552K, 50% used [0x00000000c0000000,0x00000000c2aee2e8,0x00000000c5580000)
 Metaspace       used 14961K, capacity 15638K, committed 15872K, reserved 1062912K
  class space    used 1764K, capacity 1929K, committed 2048K, reserved 1048576K
}
Event: 42.389 GC heap before
{Heap before GC invocations=28 (full 1):
 PSYoungGen      total 100864K, used 92128K [0x00000000eab00000, 0x00000000f1b00000, 0x0000000100000000)
  eden space 88064K, 100% used [0x00000000eab00000,0x00000000f0100000,0x00000000f0100000)
  from space 12800K, 31% used [0x00000000f0e80000,0x00000000f1278000,0x00000000f1b00000)
  to   space 13312K, 0% used [0x00000000f0100000,0x00000000f0100000,0x00000000f0e00000)
 ParOldGen       total 87552K, used 43960K [0x00000000c0000000, 0x00000000c5580000, 0x00000000eab00000)
  object space 87552K, 50% used [0x00000000c0000000,0x00000000c2aee2e8,0x00000000c5580000)
 Metaspace       used 14961K, capacity 15638K, committed 15872K, reserved 1062912K
  class space    used 1764K, capacity 1929K, committed 2048K, reserved 1048576K
Event: 42.426 GC heap after
Heap after GC invocations=28 (full 1):
 PSYoungGen      total 101376K, used 3104K [0x00000000eab00000, 0x00000000f2780000, 0x0000000100000000)
  eden space 88064K, 0% used [0x00000000eab00000,0x00000000eab00000,0x00000000f0100000)
  from space 13312K, 23% used [0x00000000f0100000,0x00000000f0408000,0x00000000f0e00000)
  to   space 12288K, 0% used [0x00000000f1b80000,0x00000000f1b80000,0x00000000f2780000)
 ParOldGen       total 87552K, used 46576K [0x00000000c0000000, 0x00000000c5580000, 0x00000000eab00000)
  object space 87552K, 53% used [0x00000000c0000000,0x00000000c2d7c2e8,0x00000000c5580000)
 Metaspace       used 14961K, capacity 15638K, committed 15872K, reserved 1062912K
  class space    used 1764K, capacity 1929K, committed 2048K, reserved 1048576K
}
Event: 43.942 GC heap before
{Heap before GC invocations=29 (full 1):
 PSYoungGen      total 101376K, used 91168K [0x00000000eab00000, 0x00000000f2780000, 0x0000000100000000)
  eden space 88064K, 100% used [0x00000000eab00000,0x00000000f0100000,0x00000000f0100000)
  from space 13312K, 23% used [0x00000000f0100000,0x00000000f0408000,0x00000000f0e00000)
  to   space 12288K, 0% used [0x00000000f1b80000,0x00000000f1b80000,0x00000000f2780000)
 ParOldGen       total 87552K, used 46576K [0x00000000c0000000, 0x00000000c5580000, 0x00000000eab00000)
  object space 87552K, 53% used [0x00000000c0000000,0x00000000c2d7c2e8,0x00000000c5580000)
 Metaspace       used 14963K, capacity 15638K, committed 15872K, reserved 1062912K
  class space    used 1764K, capacity 1929K, committed 2048K, reserved 1048576K
Event: 43.976 GC heap after
Heap after GC invocations=29 (full 1):
 PSYoungGen      total 113152K, used 1824K [0x00000000eab00000, 0x00000000f2600000, 0x0000000100000000)
  eden space 102400K, 0% used [0x00000000eab00000,0x00000000eab00000,0x00000000f0f00000)
  from space 10752K, 16% used [0x00000000f1b80000,0x00000000f1d48000,0x00000000f2600000)
  to   space 11776K, 0% used [0x00000000f0f00000,0x00000000f0f00000,0x00000000f1a80000)
 ParOldGen       total 87552K, used 49648K [0x00000000c0000000, 0x00000000c5580000, 0x00000000eab00000)
  object space 87552K, 56% used [0x00000000c0000000,0x00000000c307c2e8,0x00000000c5580000)
 Metaspace       used 14963K, capacity 15638K, committed 15872K, reserved 1062912K
  class space    used 1764K, capacity 1929K, committed 2048K, reserved 1048576K
}
Event: 45.844 GC heap before
{Heap before GC invocations=30 (full 1):
 PSYoungGen      total 113152K, used 104224K [0x00000000eab00000, 0x00000000f2600000, 0x0000000100000000)
  eden space 102400K, 100% used [0x00000000eab00000,0x00000000f0f00000,0x00000000f0f00000)
  from space 10752K, 16% used [0x00000000f1b80000,0x00000000f1d48000,0x00000000f2600000)
  to   space 11776K, 0% used [0x00000000f0f00000,0x00000000f0f00000,0x00000000f1a80000)
 ParOldGen       total 87552K, used 49648K [0x00000000c0000000, 0x00000000c5580000, 0x00000000eab00000)
  object space 87552K, 56% used [0x00000000c0000000,0x00000000c307c2e8,0x00000000c5580000)
 Metaspace       used 14968K, capacity 15638K, committed 15872K, reserved 1062912K
  class space    used 1764K, capacity 1929K, committed 2048K, reserved 1048576K
Event: 45.873 GC heap after
Heap after GC invocations=30 (full 1):
 PSYoungGen      total 114176K, used 2272K [0x00000000eab00000, 0x00000000f3480000, 0x0000000100000000)
  eden space 102400K, 0% used [0x00000000eab00000,0x00000000eab00000,0x00000000f0f00000)
  from space 11776K, 19% used [0x00000000f0f00000,0x00000000f1138000,0x00000000f1a80000)
  to   space 11264K, 0% used [0x00000000f2980000,0x00000000f2980000,0x00000000f3480000)
 ParOldGen       total 87552K, used 51405K [0x00000000c0000000, 0x00000000c5580000, 0x00000000eab00000)
  object space 87552K, 58% used [0x00000000c0000000,0x00000000c3233568,0x00000000c5580000)
 Metaspace       used 14968K, capacity 15638K, committed 15872K, reserved 1062912K
  class space    used 1764K, capacity 1929K, committed 2048K, reserved 1048576K
}

Deoptimization events (10 events):
Event: 31.909 Thread 0x0000000016136000 Uncommon trap: reason=unstable_if action=reinterpret pc=0x000000000263851c method=com.android.tools.r8.n.a.a.a.g.B0$e.contains(Ljava/lang/Object;)Z @ 124
Event: 32.117 Thread 0x0000000016136800 Uncommon trap: reason=unstable_if action=reinterpret pc=0x00000000032b98b8 method=com.android.tools.r8.ir.regalloc.LinearScanRegisterAllocator.a(Lcom/android/tools/r8/m/a/a/b/d0;Ljava/util/List;Lcom/android/tools/r8/ir/regalloc/RegisterAllocator;Ljava/uti
Event: 32.464 Thread 0x0000000016136800 Uncommon trap: reason=unstable_if action=reinterpret pc=0x0000000002a6083c method=java.util.HashMap.removeNode(ILjava/lang/Object;Ljava/lang/Object;ZZ)Ljava/util/HashMap$Node; @ 168
Event: 32.656 Thread 0x0000000016136800 Uncommon trap: reason=unstable_if action=reinterpret pc=0x00000000031befa8 method=com.android.tools.r8.ir.conversion.V.a(Lcom/android/tools/r8/t/a/a/B;Lcom/android/tools/r8/t/a/a/B;)Z @ 211
Event: 32.656 Thread 0x0000000016136800 Uncommon trap: reason=unstable_if action=reinterpret pc=0x0000000002aad84c method=com.android.tools.r8.ir.conversion.V.a(Lcom/android/tools/r8/t/a/a/B;Lcom/android/tools/r8/t/a/a/B;)Z @ 211
Event: 35.681 Thread 0x0000000016136000 Uncommon trap: reason=predicate action=maybe_recompile pc=0x0000000003176b6c method=com.android.tools.r8.t.a.a.f.a(Lcom/android/tools/r8/t/a/a/h;[Lcom/android/tools/r8/t/a/a/d;I)V @ 1553
Event: 36.952 Thread 0x0000000016136000 Uncommon trap: reason=unstable_if action=reinterpret pc=0x0000000002fe7e68 method=java.util.ArrayDeque.addFirst(Ljava/lang/Object;)V @ 45
Event: 36.952 Thread 0x0000000016136000 Uncommon trap: reason=unstable_if action=reinterpret pc=0x0000000002f57954 method=java.util.ArrayDeque.addFirst(Ljava/lang/Object;)V @ 45
Event: 37.997 Thread 0x0000000016136000 Uncommon trap: reason=unstable_if action=reinterpret pc=0x0000000002c48c40 method=java.util.concurrent.ConcurrentHashMap.computeIfAbsent(Ljava/lang/Object;Ljava/util/function/Function;)Ljava/lang/Object; @ 281
Event: 44.634 Thread 0x0000000016136000 Uncommon trap: reason=unstable_if action=reinterpret pc=0x00000000030bc350 method=com.android.tools.r8.t.a.a.B.equals(Ljava/lang/Object;)Z @ 113

Classes redefined (0 events):
No events

Internal exceptions (10 events):
Event: 2.519 Thread 0x00000000023b2800 Exception <a 'java/security/PrivilegedActionException'> (0x00000000ec496d00) thrown at [D:\j\worksp~1\openjd~3\jdk8u\hotspot\src\share\vm\prims\jvm.cpp, line 1508]
Event: 2.519 Thread 0x00000000023b2800 Exception <a 'java/security/PrivilegedActionException'> (0x00000000ec496f10) thrown at [D:\j\worksp~1\openjd~3\jdk8u\hotspot\src\share\vm\prims\jvm.cpp, line 1508]
Event: 2.520 Thread 0x00000000023b2800 Exception <a 'java/security/PrivilegedActionException'> (0x00000000ec498650) thrown at [D:\j\worksp~1\openjd~3\jdk8u\hotspot\src\share\vm\prims\jvm.cpp, line 1508]
Event: 2.520 Thread 0x00000000023b2800 Exception <a 'java/security/PrivilegedActionException'> (0x00000000ec498860) thrown at [D:\j\worksp~1\openjd~3\jdk8u\hotspot\src\share\vm\prims\jvm.cpp, line 1508]
Event: 2.588 Thread 0x00000000023b2800 Implicit null exception at 0x00000000027139d6 to 0x00000000027143b1
Event: 2.675 Thread 0x00000000023b2800 Implicit null exception at 0x00000000027104ea to 0x0000000002710b55
Event: 2.783 Thread 0x00000000023b2800 Implicit null exception at 0x000000000270f149 to 0x000000000270f605
Event: 6.364 Thread 0x0000000016136000 Implicit null exception at 0x000000000284fc44 to 0x0000000002850c09
Event: 6.991 Thread 0x0000000016136800 Exception <a 'java/lang/NoSuchMethodError': java.lang.Object.lambda$comparingInt$7b0bb60$1(Ljava/util/function/ToIntFunction;Ljava/lang/Object;Ljava/lang/Object;)I> (0x00000000ee95d3b8) thrown at [D:\j\worksp~1\openjd~3\jdk8u\hotspot\src\share\vm\interpre
Event: 7.001 Thread 0x0000000016136800 Exception <a 'java/lang/NoSuchMethodError': java.lang.Object.lambda$maxBy$1(Ljava/util/Comparator;Ljava/lang/Object;Ljava/lang/Object;)Ljava/lang/Object;> (0x00000000ee969440) thrown at [D:\j\worksp~1\openjd~3\jdk8u\hotspot\src\share\vm\interpreter\linkRe

Events (10 events):
Event: 46.720 Thread 0x0000000016136800 DEOPT PACKING pc=0x0000000002ca1170 sp=0x0000000016b6e300
Event: 46.720 Thread 0x0000000016136800 DEOPT UNPACKING pc=0x00000000024f71d0 sp=0x0000000016b6e1b8 mode 0
Event: 46.748 Thread 0x0000000016136000 DEOPT PACKING pc=0x0000000002c308a3 sp=0x0000000016a6e6d0
Event: 46.748 Thread 0x0000000016136000 DEOPT UNPACKING pc=0x00000000024f71d0 sp=0x0000000016a6e608 mode 0
Event: 46.748 Thread 0x0000000016136000 DEOPT PACKING pc=0x0000000002c1afff sp=0x0000000016a6e2f0
Event: 46.748 Thread 0x0000000016136000 DEOPT UNPACKING pc=0x00000000024f71d0 sp=0x0000000016a6e320 mode 0
Event: 47.147 Thread 0x0000000016136000 DEOPT PACKING pc=0x0000000002adca27 sp=0x0000000016a6e7d0
Event: 47.147 Thread 0x0000000016136000 DEOPT UNPACKING pc=0x00000000024f71d0 sp=0x0000000016a6e4f0 mode 0
Event: 47.212 Thread 0x0000000016136000 DEOPT PACKING pc=0x0000000002ca11e8 sp=0x0000000016a6e560
Event: 47.212 Thread 0x0000000016136000 DEOPT UNPACKING pc=0x00000000024f71d0 sp=0x0000000016a6e418 mode 0


Dynamic libraries:
0x00007ff68bd60000 - 0x00007ff68bd95000 	C:\Program Files\Android\Jdk\microsoft_dist_openjdk_1.8.0.25\bin\java.exe
0x00007ffe9fc40000 - 0x00007ffe9fe30000 	C:\WINDOWS\SYSTEM32\ntdll.dll
0x00007ffe9fae0000 - 0x00007ffe9fb92000 	C:\WINDOWS\System32\KERNEL32.DLL
0x00007ffe9d570000 - 0x00007ffe9d813000 	C:\WINDOWS\System32\KERNELBASE.dll
0x00007ffe9de00000 - 0x00007ffe9dea3000 	C:\WINDOWS\System32\ADVAPI32.dll
0x00007ffe9f5f0000 - 0x00007ffe9f68e000 	C:\WINDOWS\System32\msvcrt.dll
0x00007ffe9f990000 - 0x00007ffe9fa27000 	C:\WINDOWS\System32\sechost.dll
0x00007ffe9ead0000 - 0x00007ffe9ebf0000 	C:\WINDOWS\System32\RPCRT4.dll
0x00007ffe9e930000 - 0x00007ffe9eac4000 	C:\WINDOWS\System32\USER32.dll
0x00007ffe9d8c0000 - 0x00007ffe9d8e1000 	C:\WINDOWS\System32\win32u.dll
0x00007ffe9ddd0000 - 0x00007ffe9ddf6000 	C:\WINDOWS\System32\GDI32.dll
0x00007ffe9d370000 - 0x00007ffe9d504000 	C:\WINDOWS\System32\gdi32full.dll
0x00007ffe9d820000 - 0x00007ffe9d8be000 	C:\WINDOWS\System32\msvcp_win.dll
0x00007ffe9dbf0000 - 0x00007ffe9dcea000 	C:\WINDOWS\System32\ucrtbase.dll
0x00007ffe89e40000 - 0x00007ffe8a0c5000 	C:\WINDOWS\WinSxS\amd64_microsoft.windows.common-controls_6595b64144ccf1df_6.0.18362.778_none_e6c6b761130d4fb8\COMCTL32.dll
0x00007ffe9ecd0000 - 0x00007ffe9f006000 	C:\WINDOWS\System32\combase.dll
0x00007ffe9db70000 - 0x00007ffe9dbf0000 	C:\WINDOWS\System32\bcryptPrimitives.dll
0x00007ffe9dcf0000 - 0x00007ffe9dd1e000 	C:\WINDOWS\System32\IMM32.DLL
0x0000000071f70000 - 0x0000000072041000 	C:\Program Files\Android\Jdk\microsoft_dist_openjdk_1.8.0.25\jre\bin\msvcr100.dll
0x0000000071720000 - 0x0000000071f65000 	C:\Program Files\Android\Jdk\microsoft_dist_openjdk_1.8.0.25\jre\bin\server\jvm.dll
0x00007ffe9f690000 - 0x00007ffe9f698000 	C:\WINDOWS\System32\PSAPI.DLL
0x00007ffe8b960000 - 0x00007ffe8b969000 	C:\WINDOWS\SYSTEM32\WSOCK32.dll
0x00007ffe9a940000 - 0x00007ffe9a964000 	C:\WINDOWS\SYSTEM32\WINMM.dll
0x00007ffe9f850000 - 0x00007ffe9f8bf000 	C:\WINDOWS\System32\WS2_32.dll
0x00007ffe91160000 - 0x00007ffe9116a000 	C:\WINDOWS\SYSTEM32\VERSION.dll
0x00007ffe9a910000 - 0x00007ffe9a93d000 	C:\WINDOWS\SYSTEM32\WINMMBASE.dll
0x00007ffe9db20000 - 0x00007ffe9db6a000 	C:\WINDOWS\System32\cfgmgr32.dll
0x00007ffe8ea80000 - 0x00007ffe8ea8f000 	C:\Program Files\Android\Jdk\microsoft_dist_openjdk_1.8.0.25\jre\bin\verify.dll
0x00007ffe84b20000 - 0x00007ffe84b49000 	C:\Program Files\Android\Jdk\microsoft_dist_openjdk_1.8.0.25\jre\bin\java.dll
0x00007ffe89b10000 - 0x00007ffe89b26000 	C:\Program Files\Android\Jdk\microsoft_dist_openjdk_1.8.0.25\jre\bin\zip.dll
0x00007ffe9deb0000 - 0x00007ffe9e595000 	C:\WINDOWS\System32\SHELL32.dll
0x00007ffe9dd20000 - 0x00007ffe9ddc9000 	C:\WINDOWS\System32\shcore.dll
0x00007ffe9cbd0000 - 0x00007ffe9d350000 	C:\WINDOWS\System32\windows.storage.dll
0x00007ffe9cba0000 - 0x00007ffe9cbc3000 	C:\WINDOWS\System32\profapi.dll
0x00007ffe9cb10000 - 0x00007ffe9cb5a000 	C:\WINDOWS\System32\powrprof.dll
0x00007ffe9cb00000 - 0x00007ffe9cb10000 	C:\WINDOWS\System32\UMPDC.dll
0x00007ffe9f570000 - 0x00007ffe9f5c2000 	C:\WINDOWS\System32\shlwapi.dll
0x00007ffe9cb60000 - 0x00007ffe9cb71000 	C:\WINDOWS\System32\kernel.appcore.dll
0x00007ffe9d350000 - 0x00007ffe9d367000 	C:\WINDOWS\System32\cryptsp.dll
0x00007ffe84b00000 - 0x00007ffe84b1a000 	C:\Program Files\Android\jdk\microsoft_dist_openjdk_1.8.0.25\jre\bin\net.dll
0x00007ffe9c310000 - 0x00007ffe9c377000 	C:\WINDOWS\system32\mswsock.dll
0x00007ffe848f0000 - 0x00007ffe84901000 	C:\Program Files\Android\jdk\microsoft_dist_openjdk_1.8.0.25\jre\bin\nio.dll

VM Arguments:
jvm_args: -Xmx1G 
java_command: com.android.tools.r8.D8 --debug --min-api 21 --output obj\Debug\90\android\bin --lib C:\Program Files (x86)\Android\android-sdk\platforms\android-28\android.jar obj\Debug\90\android\bin\classes.zip C:\Program Files (x86)\Microsoft Visual Studio\2019\Community\Common7\IDE\ReferenceAssemblies\Microsoft\Framework\MonoAndroid\v9.0\mono.android.jar C:\Program Files (x86)\Microsoft Visual Studio\2019\Community\MSBuild\Xamarin\Android\java_runtime_fastdev.jar obj\Debug\90\lp\0\jl\formsviewgroup.jar obj\Debug\90\lp\6\jl\android.arch.core.common.jar obj\Debug\90\lp\7\jl\bin\classes.jar obj\Debug\90\lp\8\jl\android.arch.lifecycle.common.jar obj\Debug\90\lp\9\jl\bin\classes.jar obj\Debug\90\lp\10\jl\bin\classes.jar obj\Debug\90\lp\11\jl\bin\classes.jar obj\Debug\90\lp\12\jl\bin\classes.jar obj\Debug\90\lp\13\jl\bin\classes.jar obj\Debug\90\lp\14\jl\com.android.support.support-annotations.jar obj\Debug\90\lp\15\jl\bin\classes.jar obj\Debug\90\lp\16\jl\com.android.support.collections.jar obj\Debug\90\lp\17\jl\bin\classes.jar obj\Debug\90\lp\18\jl\bin\classes.jar obj\Debug\90\lp\19\jl\bin\classes.jar obj\Debug\90\lp\20\jl\bin\classes.jar obj\Debug\90\lp\21\jl\bin\classes.jar obj\Debug\90\lp\22\jl\bin\classes.jar obj\Debug\90\lp\23\jl\bin\classes.jar obj\Debug\90\lp\24\jl\bin\classes.jar obj\Debug\90\lp\25\jl\bin\classes.jar obj\Debug\90\lp\26\jl\bin\classes.jar obj\Debug\90\lp\27\jl\bin\classes.jar obj\Debug\90\lp\28\jl\bin\classes.jar obj\Debug\90\lp\29\jl\bin\classes.jar obj\Debug\90\lp\30\jl\bin\classes.jar obj\Debug\90\lp\31\jl\bin\classes.jar obj\Debug\90\lp\32\jl\bin\classes.jar obj\Debug\90\lp\33\jl\bin\classes.jar obj\Debug\90\lp\34\jl\bin\classes.jar obj\Debug\90\lp\35\jl\bin\classes.jar obj\Debug\90\lp\37\jl\bin\classes.jar obj\Debug\90\lp\38\jl\bin\classes.jar obj\Debug\90\lp\39\jl\bin\classes.jar obj\Debug\90\lp\40\jl\bin\classes.jar obj\Debug\90\lp\41\jl\bin\classes.jar obj\Debug\90\lp\42\jl\bin\classes.jar
java_class_path (initial): C:\Program Files (x86)\Microsoft Visual Studio\2019\Community\MSBuild\Xamarin\Android\r8.jar
Launcher Type: SUN_STANDARD

Environment Variables:
JAVA_HOME=C:\Program Files\Android\Jdk\microsoft_dist_openjdk_1.8.0.25
PATH=C:\Program Files\Android\Jdk\microsoft_dist_openjdk_1.8.0.25\bin;C:\Program Files (x86)\Common Files\Oracle\Java\javapath;C:\Program Files (x86)\Intel\TXE Components\TCS\;C:\Program Files\Intel\TXE Components\TCS\;C:\WINDOWS\system32;C:\WINDOWS;C:\WINDOWS\System32\Wbem;C:\WINDOWS\System32\WindowsPowerShell\v1.0\;C:\Program Files (x86)\Skype\Phone\;C:\WINDOWS\System32\OpenSSH\;C:\Program Files (x86)\Brackets\command;C:\Program Files\Azure Data Studio\bin;C:\Program Files (x86)\Microsoft SQL Server\Client SDK\ODBC\130\Tools\Binn\;C:\Program Files (x86)\Microsoft SQL Server\140\Tools\Binn\;C:\Program Files (x86)\Microsoft SQL Server\140\DTS\Binn\;C:\Program Files (x86)\Microsoft SQL Server\140\Tools\Binn\ManagementStudio\;C:\Program Files\dotnet\;C:\Program Files\Microsoft SQL Server\130\Tools\Binn\;C:\Program Files\Microsoft SQL Server\Client SDK\ODBC\170\Tools\Binn\;C:\Program Files\Git\cmd;C:\Users\ik\AppData\Local\Microsoft\WindowsApps;;C:\Program Files\Azure Data Studio\bin;C:\Users\ik\.dotnet\tools;%USERPROFILE%\AppData\Local\Microsoft\WindowsApps
USERNAME=ik
OS=Windows_NT
PROCESSOR_IDENTIFIER=Intel64 Family 6 Model 55 Stepping 8, GenuineIntel



---------------  S Y S T E M  ---------------

OS: Windows 10.0 , 64 bit Build 18362 (10.0.18362.778)

CPU:total 2 (initial active 2) (2 cores per cpu, 1 threads per core) family 6 model 55 stepping 8, cmov, cx8, fxsr, mmx, sse, sse2, sse3, ssse3, sse4.1, sse4.2, popcnt, clmul, erms, 3dnowpref, tsc, tscinvbit

Memory: 4k page, physical 8272776k(1934796k free), swap 11856776k(4144k free)

vm_info: OpenJDK 64-Bit Server VM (25.71-b00) for windows-amd64 JRE (1.8.0-25-microsoft-b00), built on Feb  7 2019 20:09:14 by "builder" with MS VC++ 10.0 (VS2010)

time: Tue Apr 28 00:38:22 2020
timezone: Pacific Daylight Time
elapsed time: 47 seconds (0d 0h 0m 47s)

